#
# There is insufficient memory for the Java Runtime Environment to continue.
# Native memory allocation (malloc) failed to allocate 941376 bytes. Error detail: Chunk::new
# Possible reasons:
#   The system is out of physical RAM or swap space
#   This process is running with CompressedOops enabled, and the Java Heap may be blocking the growth of the native heap
# Possible solutions:
#   Reduce memory load on the system
#   Increase physical memory or swap space
#   Check if swap backing store is full
#   Decrease Java heap size (-Xmx/-Xms)
#   Decrease number of Java threads
#   Decrease Java thread stack sizes (-Xss)
#   Set larger code cache with -XX:ReservedCodeCacheSize=
#   JVM is running with Unscaled Compressed Oops mode in which the Java heap is
#     placed in the first 4GB address space. The Java Heap base address is the
#     maximum limit for the native heap growth. Please use -XX:HeapBaseMinAddress
#     to set the Java Heap base and to place the Java Heap above 4GB virtual address.
# This output file may be truncated or incomplete.
#
#  Out of Memory Error (arena.cpp:149), pid=11808, tid=14220
#
# JRE version: OpenJDK Runtime Environment (23.0.1+11) (build 23.0.1+11-39)
# Java VM: OpenJDK 64-Bit Server VM (23.0.1+11-39, mixed mode, sharing, tiered, compressed oops, compressed class ptrs, g1 gc, windows-amd64)
# No core dump will be written. Minidumps are not enabled by default on client versions of Windows
#

---------------  S U M M A R Y ------------

Command Line: -Dmaven.multiModuleProjectDirectory=C:\Users\User\Desktop\Stock Managment System\backend\StockManagementSystem -Djansi.passthrough=true -Dmaven.home=C:\Program Files\JetBrains\IntelliJ IDEA Community Edition 2024.1.1\plugins\maven\lib\maven3 -Dclassworlds.conf=C:\Program Files\JetBrains\IntelliJ IDEA Community Edition 2024.1.1\plugins\maven\lib\maven3\bin\m2.conf -Dmaven.ext.class.path=C:\Program Files\JetBrains\IntelliJ IDEA Community Edition 2024.1.1\plugins\maven\lib\maven-event-listener.jar -javaagent:C:\Program Files\JetBrains\IntelliJ IDEA Community Edition 2024.1.1\lib\idea_rt.jar=60087:C:\Program Files\JetBrains\IntelliJ IDEA Community Edition 2024.1.1\bin -Dfile.encoding=UTF-8 -Dsun.stdout.encoding=UTF-8 -Dsun.stderr.encoding=UTF-8 org.codehaus.classworlds.Launcher -Didea.version=2024.1.1 test

Host: Intel(R) Core(TM) i7-1065G7 CPU @ 1.30GHz, 8 cores, 7G,  Windows 11 , 64 bit Build 22621 (10.0.22621.4391)
Time: Sat Dec 28 09:38:56 2024 Sri Lanka Standard Time elapsed time: 36.015009 seconds (0d 0h 0m 36s)

---------------  T H R E A D  ---------------

Current thread (0x00000254278ab440):  JavaThread "C2 CompilerThread0" daemon [_thread_in_native, id=14220, stack(0x000000af0b400000,0x000000af0b500000) (1024K)]


Current CompileTask:
C2:36015 10670   !   4       java.lang.ClassLoader::loadClass (121 bytes)

Stack: [0x000000af0b400000,0x000000af0b500000]
Native frames: (J=compiled Java code, j=interpreted, Vv=VM code, C=native code)
V  [jvm.dll+0x6e08b9]  (no source info available)
V  [jvm.dll+0x87dc83]  (no source info available)
V  [jvm.dll+0x88010e]  (no source info available)
V  [jvm.dll+0x8807e3]  (no source info available)
V  [jvm.dll+0x27aee6]  (no source info available)
V  [jvm.dll+0xbc06f]  (no source info available)
V  [jvm.dll+0xbc2cb]  (no source info available)
V  [jvm.dll+0x2ee94d]  (no source info available)
V  [jvm.dll+0x6063d9]  (no source info available)
V  [jvm.dll+0x24ddf2]  (no source info available)
V  [jvm.dll+0x24e1d5]  (no source info available)
V  [jvm.dll+0x246b54]  (no source info available)
V  [jvm.dll+0x243d04]  (no source info available)
V  [jvm.dll+0x1c33a0]  (no source info available)
V  [jvm.dll+0x253cf1]  (no source info available)
V  [jvm.dll+0x251faa]  (no source info available)
V  [jvm.dll+0x3ee036]  (no source info available)
V  [jvm.dll+0x824f8b]  (no source info available)
V  [jvm.dll+0x6df065]  (no source info available)
C  [ucrtbase.dll+0x29333]  (no source info available)
C  [KERNEL32.DLL+0x1259d]  (no source info available)
C  [ntdll.dll+0x5af38]  (no source info available)

Lock stack of current Java thread (top to bottom):


---------------  P R O C E S S  ---------------

Threads class SMR info:
_java_thread_list=0x000002546e1bbc80, length=12, elements={
0x000002540abce5f0, 0x00000254278918a0, 0x0000025427892b00, 0x0000025427897cf0,
0x0000025427899530, 0x000002542789c320, 0x000002542789a8e0, 0x00000254278ab440,
0x00000254278acf00, 0x0000025427899bc0, 0x000002542789b600, 0x0000025427898ea0
}

Java Threads: ( => current thread )
  0x000002540abce5f0 JavaThread "main"                              [_thread_in_vm, id=23968, stack(0x000000af0a600000,0x000000af0a700000) (1024K)]
  0x00000254278918a0 JavaThread "Reference Handler"          daemon [_thread_blocked, id=26064, stack(0x000000af0ae00000,0x000000af0af00000) (1024K)]
  0x0000025427892b00 JavaThread "Finalizer"                  daemon [_thread_blocked, id=1372, stack(0x000000af0af00000,0x000000af0b000000) (1024K)]
  0x0000025427897cf0 JavaThread "Signal Dispatcher"          daemon [_thread_blocked, id=24888, stack(0x000000af0b000000,0x000000af0b100000) (1024K)]
  0x0000025427899530 JavaThread "Attach Listener"            daemon [_thread_blocked, id=6640, stack(0x000000af0b100000,0x000000af0b200000) (1024K)]
  0x000002542789c320 JavaThread "Service Thread"             daemon [_thread_blocked, id=10104, stack(0x000000af0b200000,0x000000af0b300000) (1024K)]
  0x000002542789a8e0 JavaThread "Monitor Deflation Thread"   daemon [_thread_blocked, id=9532, stack(0x000000af0b300000,0x000000af0b400000) (1024K)]
=>0x00000254278ab440 JavaThread "C2 CompilerThread0"         daemon [_thread_in_native, id=14220, stack(0x000000af0b400000,0x000000af0b500000) (1024K)]
  0x00000254278acf00 JavaThread "C1 CompilerThread0"         daemon [_thread_blocked, id=26260, stack(0x000000af0b500000,0x000000af0b600000) (1024K)]
  0x0000025427899bc0 JavaThread "Common-Cleaner"             daemon [_thread_blocked, id=26436, stack(0x000000af0b600000,0x000000af0b700000) (1024K)]
  0x000002542789b600 JavaThread "Monitor Ctrl-Break"         daemon [_thread_in_native, id=2476, stack(0x000000af0b700000,0x000000af0b800000) (1024K)]
  0x0000025427898ea0 JavaThread "Notification Thread"        daemon [_thread_blocked, id=9564, stack(0x000000af0b800000,0x000000af0b900000) (1024K)]
Total: 12

Other Threads:
  0x0000025427879a30 VMThread "VM Thread"                           [id=18868, stack(0x000000af0ad00000,0x000000af0ae00000) (1024K)]
  0x0000025427867830 WatcherThread "VM Periodic Task Thread"        [id=25440, stack(0x000000af0ac00000,0x000000af0ad00000) (1024K)]
  0x000002540ac26900 WorkerThread "GC Thread#0"                     [id=13964, stack(0x000000af0a700000,0x000000af0a800000) (1024K)]
  0x000002546d90cc10 WorkerThread "GC Thread#1"                     [id=13060, stack(0x000000af0ba00000,0x000000af0bb00000) (1024K)]
  0x000002546d90cfc0 WorkerThread "GC Thread#2"                     [id=19328, stack(0x000000af0bb00000,0x000000af0bc00000) (1024K)]
  0x000002546d9d5360 WorkerThread "GC Thread#3"                     [id=6976, stack(0x000000af0bc00000,0x000000af0bd00000) (1024K)]
  0x000002546ddd3270 WorkerThread "GC Thread#4"                     [id=9500, stack(0x000000af0bd00000,0x000000af0be00000) (1024K)]
  0x000002546ddd3a20 WorkerThread "GC Thread#5"                     [id=25676, stack(0x000000af0be00000,0x000000af0bf00000) (1024K)]
  0x000002546ddd3dd0 WorkerThread "GC Thread#6"                     [id=23088, stack(0x000000af0bf00000,0x000000af0c000000) (1024K)]
  0x000002546ddd4590 WorkerThread "GC Thread#7"                     [id=20588, stack(0x000000af0c000000,0x000000af0c100000) (1024K)]
  0x000002540ac3d390 ConcurrentGCThread "G1 Main Marker"            [id=15500, stack(0x000000af0a800000,0x000000af0a900000) (1024K)]
  0x000002540ac3dea0 WorkerThread "G1 Conc#0"                       [id=25184, stack(0x000000af0a900000,0x000000af0aa00000) (1024K)]
  0x000002546df6e430 WorkerThread "G1 Conc#1"                       [id=24540, stack(0x000000af0b900000,0x000000af0ba00000) (1024K)]
  0x0000025427737d40 ConcurrentGCThread "G1 Refine#0"               [id=24100, stack(0x000000af0aa00000,0x000000af0ab00000) (1024K)]
  0x000002542773e9a0 ConcurrentGCThread "G1 Service"                [id=25816, stack(0x000000af0ab00000,0x000000af0ac00000) (1024K)]
Total: 15

Threads with active compile tasks:
C2 CompilerThread0  36097 10670   !   4       java.lang.ClassLoader::loadClass (121 bytes)
Total: 1

VM state: not at safepoint (normal execution)

VM Mutex/Monitor currently owned by a thread: None

Heap address: 0x0000000083000000, size: 2000 MB, Compressed Oops mode: 32-bit

CDS archive(s) mapped at: [0x0000025428000000-0x0000025428d70000-0x0000025428d70000), size 14090240, SharedBaseAddress: 0x0000025428000000, ArchiveRelocationMode: 1.
Compressed class space mapped at: 0x0000025429000000-0x0000025469000000, reserved size: 1073741824
Narrow klass base: 0x0000025428000000, Narrow klass shift: 0, Narrow klass range: 0x41000000

GC Precious Log:
 CardTable entry size: 512
 Card Set container configuration: InlinePtr #cards 5 size 8 Array Of Cards #cards 10 size 36 Howl #buckets 4 coarsen threshold 1843 Howl Bitmap #cards 512 size 80 coarsen threshold 460 Card regions per heap region 1 cards per card region 2048
 CPUs: 8 total, 8 available
 Memory: 7997M
 Large Page Support: Disabled
 NUMA Support: Disabled
 Compressed Oops: Enabled (32-bit)
 Heap Region Size: 1M
 Heap Min Capacity: 8M
 Heap Initial Capacity: 126M
 Heap Max Capacity: 2000M
 Pre-touch: Disabled
 Parallel Workers: 8
 Concurrent Workers: 2
 Concurrent Refinement Workers: 8
 Periodic GC: Disabled

Heap:
 garbage-first heap   total reserved 2048000K, committed 116736K, used 90428K [0x0000000083000000, 0x0000000100000000)
  region size 1024K, 30 young (30720K), 2 survivors (2048K)
 Metaspace       used 35808K, committed 36352K, reserved 1114112K
  class space    used 4057K, committed 4288K, reserved 1048576K

Heap Regions: E=young(eden), S=young(survivor), O=old, HS=humongous(starts), HC=humongous(continues), CS=collection set, F=free, TAMS=top-at-mark-start, PB=parsable bottom
|   0|0x0000000083000000, 0x0000000083100000, 0x0000000083100000|100%| O|  |TAMS 0x0000000083000000| PB 0x0000000083000000| Untracked |  0
|   1|0x0000000083100000, 0x0000000083200000, 0x0000000083200000|100%| O|  |TAMS 0x0000000083100000| PB 0x0000000083100000| Untracked |  0
|   2|0x0000000083200000, 0x0000000083300000, 0x0000000083300000|100%| O|  |TAMS 0x0000000083200000| PB 0x0000000083200000| Untracked |  0
|   3|0x0000000083300000, 0x0000000083400000, 0x0000000083400000|100%| O|  |TAMS 0x0000000083300000| PB 0x0000000083300000| Untracked |  0
|   4|0x0000000083400000, 0x0000000083500000, 0x0000000083500000|100%| O|  |TAMS 0x0000000083400000| PB 0x0000000083400000| Untracked |  0
|   5|0x0000000083500000, 0x0000000083600000, 0x0000000083600000|100%| O|  |TAMS 0x0000000083500000| PB 0x0000000083500000| Untracked |  0
|   6|0x0000000083600000, 0x0000000083700000, 0x0000000083700000|100%| O|  |TAMS 0x0000000083600000| PB 0x0000000083600000| Untracked |  0
|   7|0x0000000083700000, 0x0000000083800000, 0x0000000083800000|100%| O|  |TAMS 0x0000000083700000| PB 0x0000000083700000| Untracked |  0
|   8|0x0000000083800000, 0x0000000083900000, 0x0000000083900000|100%| O|  |TAMS 0x0000000083800000| PB 0x0000000083800000| Untracked |  0
|   9|0x0000000083900000, 0x0000000083a00000, 0x0000000083a00000|100%| O|  |TAMS 0x0000000083900000| PB 0x0000000083900000| Untracked |  0
|  10|0x0000000083a00000, 0x0000000083b00000, 0x0000000083b00000|100%| O|  |TAMS 0x0000000083a00000| PB 0x0000000083a00000| Untracked |  0
|  11|0x0000000083b00000, 0x0000000083c00000, 0x0000000083c00000|100%| O|Cm|TAMS 0x0000000083b00000| PB 0x0000000083b00000| Complete |  0
|  12|0x0000000083c00000, 0x0000000083c00000, 0x0000000083d00000|  0%| F|  |TAMS 0x0000000083c00000| PB 0x0000000083c00000| Untracked |  0
|  13|0x0000000083d00000, 0x0000000083e00000, 0x0000000083e00000|100%| O|  |TAMS 0x0000000083d00000| PB 0x0000000083d00000| Untracked |  0
|  14|0x0000000083e00000, 0x0000000083e00000, 0x0000000083f00000|  0%| F|  |TAMS 0x0000000083e00000| PB 0x0000000083e00000| Untracked |  0
|  15|0x0000000083f00000, 0x0000000083f00000, 0x0000000084000000|  0%| F|  |TAMS 0x0000000083f00000| PB 0x0000000083f00000| Untracked |  0
|  16|0x0000000084000000, 0x0000000084000000, 0x0000000084100000|  0%| F|  |TAMS 0x0000000084000000| PB 0x0000000084000000| Untracked |  0
|  17|0x0000000084100000, 0x0000000084200000, 0x0000000084200000|100%| O|  |TAMS 0x0000000084100000| PB 0x0000000084100000| Untracked |  0
|  18|0x0000000084200000, 0x0000000084300000, 0x0000000084300000|100%| O|  |TAMS 0x0000000084200000| PB 0x0000000084200000| Untracked |  0
|  19|0x0000000084300000, 0x0000000084400000, 0x0000000084400000|100%| O|  |TAMS 0x0000000084300000| PB 0x0000000084300000| Untracked |  0
|  20|0x0000000084400000, 0x0000000084500000, 0x0000000084500000|100%| O|  |TAMS 0x0000000084400000| PB 0x0000000084400000| Untracked |  0
|  21|0x0000000084500000, 0x0000000084600000, 0x0000000084600000|100%| O|  |TAMS 0x0000000084500000| PB 0x0000000084500000| Untracked |  0
|  22|0x0000000084600000, 0x0000000084700000, 0x0000000084700000|100%| O|  |TAMS 0x0000000084600000| PB 0x0000000084600000| Untracked |  0
|  23|0x0000000084700000, 0x0000000084800000, 0x0000000084800000|100%| O|Cm|TAMS 0x0000000084700000| PB 0x0000000084700000| Complete |  0
|  24|0x0000000084800000, 0x0000000084900000, 0x0000000084900000|100%| O|Cm|TAMS 0x0000000084800000| PB 0x0000000084800000| Complete |  0
|  25|0x0000000084900000, 0x0000000084a00000, 0x0000000084a00000|100%| O|Cm|TAMS 0x0000000084900000| PB 0x0000000084900000| Complete |  0
|  26|0x0000000084a00000, 0x0000000084b00000, 0x0000000084b00000|100%| O|Cm|TAMS 0x0000000084a00000| PB 0x0000000084a00000| Complete |  0
|  27|0x0000000084b00000, 0x0000000084c00000, 0x0000000084c00000|100%|HS|  |TAMS 0x0000000084b00000| PB 0x0000000084b00000| Complete |  0
|  28|0x0000000084c00000, 0x0000000084d00000, 0x0000000084d00000|100%|HC|  |TAMS 0x0000000084c00000| PB 0x0000000084c00000| Complete |  0
|  29|0x0000000084d00000, 0x0000000084e00000, 0x0000000084e00000|100%|HS|  |TAMS 0x0000000084d00000| PB 0x0000000084d00000| Complete |  0
|  30|0x0000000084e00000, 0x0000000084f00000, 0x0000000084f00000|100%| O|Cm|TAMS 0x0000000084e00000| PB 0x0000000084e00000| Complete |  0
|  31|0x0000000084f00000, 0x0000000084f00000, 0x0000000085000000|  0%| F|  |TAMS 0x0000000084f00000| PB 0x0000000084f00000| Untracked |  0
|  32|0x0000000085000000, 0x0000000085000000, 0x0000000085100000|  0%| F|  |TAMS 0x0000000085000000| PB 0x0000000085000000| Untracked |  0
|  33|0x0000000085100000, 0x0000000085100000, 0x0000000085200000|  0%| F|  |TAMS 0x0000000085100000| PB 0x0000000085100000| Untracked |  0
|  34|0x0000000085200000, 0x0000000085200000, 0x0000000085300000|  0%| F|  |TAMS 0x0000000085200000| PB 0x0000000085200000| Untracked |  0
|  35|0x0000000085300000, 0x0000000085400000, 0x0000000085400000|100%| O|Cm|TAMS 0x0000000085300000| PB 0x0000000085300000| Complete |  0
|  36|0x0000000085400000, 0x0000000085500000, 0x0000000085500000|100%| O|  |TAMS 0x0000000085400000| PB 0x0000000085400000| Untracked |  0
|  37|0x0000000085500000, 0x0000000085600000, 0x0000000085600000|100%| O|Cm|TAMS 0x0000000085500000| PB 0x0000000085500000| Complete |  0
|  38|0x0000000085600000, 0x0000000085700000, 0x0000000085700000|100%| O|Cm|TAMS 0x0000000085600000| PB 0x0000000085600000| Complete |  0
|  39|0x0000000085700000, 0x0000000085800000, 0x0000000085800000|100%| O|  |TAMS 0x0000000085700000| PB 0x0000000085700000| Untracked |  0
|  40|0x0000000085800000, 0x0000000085900000, 0x0000000085900000|100%|HS|  |TAMS 0x0000000085800000| PB 0x0000000085800000| Complete |  0
|  41|0x0000000085900000, 0x0000000085a00000, 0x0000000085a00000|100%| O|Cm|TAMS 0x0000000085900000| PB 0x0000000085900000| Complete |  0
|  42|0x0000000085a00000, 0x0000000085b00000, 0x0000000085b00000|100%| O|  |TAMS 0x0000000085a00000| PB 0x0000000085a00000| Untracked |  0
|  43|0x0000000085b00000, 0x0000000085c00000, 0x0000000085c00000|100%| O|  |TAMS 0x0000000085b00000| PB 0x0000000085b00000| Untracked |  0
|  44|0x0000000085c00000, 0x0000000085d00000, 0x0000000085d00000|100%| O|  |TAMS 0x0000000085c00000| PB 0x0000000085c00000| Untracked |  0
|  45|0x0000000085d00000, 0x0000000085e00000, 0x0000000085e00000|100%| O|Cm|TAMS 0x0000000085d00000| PB 0x0000000085d00000| Complete |  0
|  46|0x0000000085e00000, 0x0000000085f00000, 0x0000000085f00000|100%| O|Cm|TAMS 0x0000000085e00000| PB 0x0000000085e00000| Complete |  0
|  47|0x0000000085f00000, 0x0000000086000000, 0x0000000086000000|100%|HS|  |TAMS 0x0000000085f00000| PB 0x0000000085f00000| Complete |  0
|  48|0x0000000086000000, 0x0000000086100000, 0x0000000086100000|100%|HC|  |TAMS 0x0000000086000000| PB 0x0000000086000000| Complete |  0
|  49|0x0000000086100000, 0x0000000086200000, 0x0000000086200000|100%| O|Cm|TAMS 0x0000000086100000| PB 0x0000000086100000| Complete |  0
|  50|0x0000000086200000, 0x0000000086300000, 0x0000000086300000|100%| O|Cm|TAMS 0x0000000086200000| PB 0x0000000086200000| Complete |  0
|  51|0x0000000086300000, 0x0000000086400000, 0x0000000086400000|100%| O|  |TAMS 0x0000000086300000| PB 0x0000000086300000| Untracked |  0
|  52|0x0000000086400000, 0x0000000086500000, 0x0000000086500000|100%| O|  |TAMS 0x0000000086400000| PB 0x0000000086400000| Untracked |  0
|  53|0x0000000086500000, 0x0000000086600000, 0x0000000086600000|100%| O|Cm|TAMS 0x0000000086500000| PB 0x0000000086500000| Complete |  0
|  54|0x0000000086600000, 0x0000000086700000, 0x0000000086700000|100%| O|  |TAMS 0x0000000086600000| PB 0x0000000086600000| Untracked |  0
|  55|0x0000000086700000, 0x00000000867655e0, 0x0000000086800000| 39%| O|  |TAMS 0x0000000086700000| PB 0x0000000086700000| Untracked |  0
|  56|0x0000000086800000, 0x0000000086800000, 0x0000000086900000|  0%| F|  |TAMS 0x0000000086800000| PB 0x0000000086800000| Untracked |  0
|  57|0x0000000086900000, 0x0000000086900000, 0x0000000086a00000|  0%| F|  |TAMS 0x0000000086900000| PB 0x0000000086900000| Untracked |  0
|  58|0x0000000086a00000, 0x0000000086a00000, 0x0000000086b00000|  0%| F|  |TAMS 0x0000000086a00000| PB 0x0000000086a00000| Untracked |  0
|  59|0x0000000086b00000, 0x0000000086b00000, 0x0000000086c00000|  0%| F|  |TAMS 0x0000000086b00000| PB 0x0000000086b00000| Untracked |  0
|  60|0x0000000086c00000, 0x0000000086c00000, 0x0000000086d00000|  0%| F|  |TAMS 0x0000000086c00000| PB 0x0000000086c00000| Untracked |  0
|  61|0x0000000086d00000, 0x0000000086d00000, 0x0000000086e00000|  0%| F|  |TAMS 0x0000000086d00000| PB 0x0000000086d00000| Untracked |  0
|  62|0x0000000086e00000, 0x0000000086e00000, 0x0000000086f00000|  0%| F|  |TAMS 0x0000000086e00000| PB 0x0000000086e00000| Untracked |  0
|  63|0x0000000086f00000, 0x0000000086f00000, 0x0000000087000000|  0%| F|  |TAMS 0x0000000086f00000| PB 0x0000000086f00000| Untracked |  0
|  64|0x0000000087000000, 0x00000000870e9e00, 0x0000000087100000| 91%| S|CS|TAMS 0x0000000087000000| PB 0x0000000087000000| Complete |  0
|  65|0x0000000087100000, 0x0000000087200000, 0x0000000087200000|100%| S|CS|TAMS 0x0000000087100000| PB 0x0000000087100000| Complete |  0
|  66|0x0000000087200000, 0x0000000087200000, 0x0000000087300000|  0%| F|  |TAMS 0x0000000087200000| PB 0x0000000087200000| Untracked |  0
|  67|0x0000000087300000, 0x0000000087300000, 0x0000000087400000|  0%| F|  |TAMS 0x0000000087300000| PB 0x0000000087300000| Untracked |  0
|  68|0x0000000087400000, 0x0000000087400000, 0x0000000087500000|  0%| F|  |TAMS 0x0000000087400000| PB 0x0000000087400000| Untracked |  0
|  69|0x0000000087500000, 0x0000000087500000, 0x0000000087600000|  0%| F|  |TAMS 0x0000000087500000| PB 0x0000000087500000| Untracked |  0
|  70|0x0000000087600000, 0x0000000087600000, 0x0000000087700000|  0%| F|  |TAMS 0x0000000087600000| PB 0x0000000087600000| Untracked |  0
|  71|0x0000000087700000, 0x0000000087700000, 0x0000000087800000|  0%| F|  |TAMS 0x0000000087700000| PB 0x0000000087700000| Untracked |  0
|  72|0x0000000087800000, 0x0000000087800000, 0x0000000087900000|  0%| F|  |TAMS 0x0000000087800000| PB 0x0000000087800000| Untracked |  0
|  73|0x0000000087900000, 0x0000000087900000, 0x0000000087a00000|  0%| F|  |TAMS 0x0000000087900000| PB 0x0000000087900000| Untracked |  0
|  74|0x0000000087a00000, 0x0000000087b00000, 0x0000000087b00000|100%| E|  |TAMS 0x0000000087a00000| PB 0x0000000087a00000| Complete |  0
|  75|0x0000000087b00000, 0x0000000087c00000, 0x0000000087c00000|100%| E|CS|TAMS 0x0000000087b00000| PB 0x0000000087b00000| Complete |  0
|  76|0x0000000087c00000, 0x0000000087d00000, 0x0000000087d00000|100%| E|CS|TAMS 0x0000000087c00000| PB 0x0000000087c00000| Complete |  0
|  77|0x0000000087d00000, 0x0000000087e00000, 0x0000000087e00000|100%| E|CS|TAMS 0x0000000087d00000| PB 0x0000000087d00000| Complete |  0
|  78|0x0000000087e00000, 0x0000000087f00000, 0x0000000087f00000|100%| E|CS|TAMS 0x0000000087e00000| PB 0x0000000087e00000| Complete |  0
|  79|0x0000000087f00000, 0x0000000088000000, 0x0000000088000000|100%| E|CS|TAMS 0x0000000087f00000| PB 0x0000000087f00000| Complete |  0
|  80|0x0000000088000000, 0x0000000088100000, 0x0000000088100000|100%| E|CS|TAMS 0x0000000088000000| PB 0x0000000088000000| Complete |  0
|  81|0x0000000088100000, 0x0000000088200000, 0x0000000088200000|100%| E|CS|TAMS 0x0000000088100000| PB 0x0000000088100000| Complete |  0
|  82|0x0000000088200000, 0x0000000088300000, 0x0000000088300000|100%| E|CS|TAMS 0x0000000088200000| PB 0x0000000088200000| Complete |  0
|  83|0x0000000088300000, 0x0000000088400000, 0x0000000088400000|100%| E|CS|TAMS 0x0000000088300000| PB 0x0000000088300000| Complete |  0
|  84|0x0000000088400000, 0x0000000088500000, 0x0000000088500000|100%| E|CS|TAMS 0x0000000088400000| PB 0x0000000088400000| Complete |  0
|  85|0x0000000088500000, 0x0000000088600000, 0x0000000088600000|100%| E|CS|TAMS 0x0000000088500000| PB 0x0000000088500000| Complete |  0
|  86|0x0000000088600000, 0x0000000088700000, 0x0000000088700000|100%| E|CS|TAMS 0x0000000088600000| PB 0x0000000088600000| Complete |  0
|  87|0x0000000088700000, 0x0000000088800000, 0x0000000088800000|100%| E|CS|TAMS 0x0000000088700000| PB 0x0000000088700000| Complete |  0
|  88|0x0000000088800000, 0x0000000088900000, 0x0000000088900000|100%| E|CS|TAMS 0x0000000088800000| PB 0x0000000088800000| Complete |  0
|  89|0x0000000088900000, 0x0000000088a00000, 0x0000000088a00000|100%| E|CS|TAMS 0x0000000088900000| PB 0x0000000088900000| Complete |  0
|  90|0x0000000088a00000, 0x0000000088b00000, 0x0000000088b00000|100%| E|CS|TAMS 0x0000000088a00000| PB 0x0000000088a00000| Complete |  0
|  91|0x0000000088b00000, 0x0000000088c00000, 0x0000000088c00000|100%| E|CS|TAMS 0x0000000088b00000| PB 0x0000000088b00000| Complete |  0
|  92|0x0000000088c00000, 0x0000000088d00000, 0x0000000088d00000|100%| E|CS|TAMS 0x0000000088c00000| PB 0x0000000088c00000| Complete |  0
|  93|0x0000000088d00000, 0x0000000088e00000, 0x0000000088e00000|100%| E|CS|TAMS 0x0000000088d00000| PB 0x0000000088d00000| Complete |  0
|  94|0x0000000088e00000, 0x0000000088f00000, 0x0000000088f00000|100%| E|CS|TAMS 0x0000000088e00000| PB 0x0000000088e00000| Complete |  0
|  95|0x0000000088f00000, 0x0000000089000000, 0x0000000089000000|100%| E|CS|TAMS 0x0000000088f00000| PB 0x0000000088f00000| Complete |  0
|  96|0x0000000089000000, 0x0000000089100000, 0x0000000089100000|100%| E|CS|TAMS 0x0000000089000000| PB 0x0000000089000000| Complete |  0
|  97|0x0000000089100000, 0x0000000089200000, 0x0000000089200000|100%| E|CS|TAMS 0x0000000089100000| PB 0x0000000089100000| Complete |  0
|  98|0x0000000089200000, 0x0000000089300000, 0x0000000089300000|100%| E|CS|TAMS 0x0000000089200000| PB 0x0000000089200000| Complete |  0
|  99|0x0000000089300000, 0x0000000089400000, 0x0000000089400000|100%| E|CS|TAMS 0x0000000089300000| PB 0x0000000089300000| Complete |  0
| 100|0x0000000089400000, 0x0000000089500000, 0x0000000089500000|100%| E|CS|TAMS 0x0000000089400000| PB 0x0000000089400000| Complete |  0
| 125|0x000000008ad00000, 0x000000008ae00000, 0x000000008ae00000|100%| E|CS|TAMS 0x000000008ad00000| PB 0x000000008ad00000| Complete |  0
|1988|0x00000000ff400000, 0x00000000ff500000, 0x00000000ff500000|100%| O|Cm|TAMS 0x00000000ff400000| PB 0x00000000ff400000| Complete |  0
|1989|0x00000000ff500000, 0x00000000ff600000, 0x00000000ff600000|100%| O|Cm|TAMS 0x00000000ff500000| PB 0x00000000ff500000| Complete |  0
|1990|0x00000000ff600000, 0x00000000ff700000, 0x00000000ff700000|100%| O|Cm|TAMS 0x00000000ff600000| PB 0x00000000ff600000| Complete |  0
|1991|0x00000000ff700000, 0x00000000ff800000, 0x00000000ff800000|100%| O|Cm|TAMS 0x00000000ff700000| PB 0x00000000ff700000| Complete |  0
|1992|0x00000000ff800000, 0x00000000ff900000, 0x00000000ff900000|100%| O|  |TAMS 0x00000000ff800000| PB 0x00000000ff800000| Untracked |  0
|1993|0x00000000ff900000, 0x00000000ffa00000, 0x00000000ffa00000|100%| O|Cm|TAMS 0x00000000ff900000| PB 0x00000000ff900000| Complete |  0
|1994|0x00000000ffa00000, 0x00000000ffb00000, 0x00000000ffb00000|100%| O|Cm|TAMS 0x00000000ffa00000| PB 0x00000000ffa00000| Complete |  0
|1995|0x00000000ffb00000, 0x00000000ffc00000, 0x00000000ffc00000|100%| O|Cm|TAMS 0x00000000ffb00000| PB 0x00000000ffb00000| Complete |  0
|1996|0x00000000ffc00000, 0x00000000ffd00000, 0x00000000ffd00000|100%| O|  |TAMS 0x00000000ffc00000| PB 0x00000000ffc00000| Untracked |  0
|1997|0x00000000ffd00000, 0x00000000ffe00000, 0x00000000ffe00000|100%| O|Cm|TAMS 0x00000000ffd00000| PB 0x00000000ffd00000| Complete |  0
|1998|0x00000000ffe00000, 0x00000000fff00000, 0x00000000fff00000|100%| O|Cm|TAMS 0x00000000ffe00000| PB 0x00000000ffe00000| Complete |  0
|1999|0x00000000fff00000, 0x0000000100000000, 0x0000000100000000|100%| O|Cm|TAMS 0x00000000fff00000| PB 0x00000000fff00000| Complete |  0

Card table byte_map: [0x0000025422b30000,0x0000025422f20000] _byte_map_base: 0x0000025422718000

Marking Bits: (CMBitMap*) 0x000002540ac27010
 Bits: [0x0000025422f20000, 0x0000025424e60000)

Polling page: 0x0000025408a60000

Metaspace:

Usage:
  Non-class:     31.02 MB used.
      Class:      3.96 MB used.
       Both:     34.98 MB used.

Virtual space:
  Non-class space:       64.00 MB reserved,      31.38 MB ( 49%) committed,  1 nodes.
      Class space:        1.00 GB reserved,       4.19 MB ( <1%) committed,  1 nodes.
             Both:        1.06 GB reserved,      35.56 MB (  3%) committed. 

Chunk freelists:
   Non-Class:  432.00 KB
       Class:  11.64 MB
        Both:  12.06 MB

MaxMetaspaceSize: unlimited
CompressedClassSpaceSize: 1.00 GB
Initial GC threshold: 21.00 MB
Current GC threshold: 55.56 MB
CDS: on
 - commit_granule_bytes: 65536.
 - commit_granule_words: 8192.
 - virtual_space_node_default_size: 8388608.
 - enlarge_chunks_in_place: 1.
 - use_allocation_guard: 0.


Internal statistics:

num_allocs_failed_limit: 3.
num_arena_births: 588.
num_arena_deaths: 4.
num_vsnodes_births: 2.
num_vsnodes_deaths: 0.
num_space_committed: 587.
num_space_uncommitted: 12.
num_chunks_returned_to_freelist: 102.
num_chunks_taken_from_freelist: 2038.
num_chunk_merges: 20.
num_chunk_splits: 1347.
num_chunks_enlarged: 988.
num_inconsistent_stats: 0.

CodeHeap 'non-profiled nmethods': size=120064Kb used=3217Kb max_used=3352Kb free=116846Kb
 bounds [0x000002541adc0000, 0x000002541b120000, 0x0000025422300000]
CodeHeap 'profiled nmethods': size=120000Kb used=13708Kb max_used=16367Kb free=106291Kb
 bounds [0x0000025413300000, 0x0000025414300000, 0x000002541a830000]
CodeHeap 'non-nmethods': size=5696Kb used=1673Kb max_used=1682Kb free=4022Kb
 bounds [0x000002541a830000, 0x000002541aaa0000, 0x000002541adc0000]
CodeCache: size=245760Kb, used=18598Kb, max_used=21401Kb, free=227159Kb
 total_blobs=9222, nmethods=8607, adapters=520, full_count=0
Compilation: enabled, stopped_count=0, restarted_count=0

Compilation events (20 events):
Event: 35.968 Thread 0x00000254278acf00 10684       1       org.apache.maven.surefire.api.stream.AbstractStreamDecoder$Memento::getByteBuffer (5 bytes)
Event: 35.968 Thread 0x00000254278acf00 nmethod 10684 0x000002541b020c88 code [0x000002541b020da0, 0x000002541b020e68]
Event: 35.968 Thread 0x00000254278acf00 10685       1       org.apache.maven.surefire.api.stream.AbstractStreamDecoder$MalformedFrameException::readFrom (5 bytes)
Event: 35.968 Thread 0x00000254278acf00 nmethod 10685 0x000002541aeaa188 code [0x000002541aeaa2a0, 0x000002541aeaa368]
Event: 35.969 Thread 0x00000254278acf00 10686       1       org.apache.maven.surefire.api.stream.AbstractStreamDecoder$BufferedStream::getPositionByteBuffer (5 bytes)
Event: 35.970 Thread 0x00000254278acf00 nmethod 10686 0x000002541aea9e88 code [0x000002541aea9fa0, 0x000002541aeaa068]
Event: 35.970 Thread 0x00000254278acf00 10687       1       org.apache.maven.surefire.api.stream.AbstractStreamDecoder$MalformedFrameException::readTo (5 bytes)
Event: 35.970 Thread 0x00000254278acf00 nmethod 10687 0x000002541aea9b88 code [0x000002541aea9ca0, 0x000002541aea9d68]
Event: 35.970 Thread 0x00000254278acf00 10688       1       java.util.Calendar::getFirstDayOfWeek (5 bytes)
Event: 35.970 Thread 0x00000254278acf00 nmethod 10688 0x000002541aea9888 code [0x000002541aea99a0, 0x000002541aea9a68]
Event: 35.971 Thread 0x00000254278acf00 10689       1       java.util.Calendar::getMinimalDaysInFirstWeek (5 bytes)
Event: 35.971 Thread 0x00000254278acf00 nmethod 10689 0x000002541aea9588 code [0x000002541aea96a0, 0x000002541aea9768]
Event: 35.972 Thread 0x00000254278acf00 10690       3       java.util.Calendar::internalGet (7 bytes)
Event: 35.972 Thread 0x00000254278acf00 nmethod 10690 0x0000025413c74508 code [0x0000025413c74620, 0x0000025413c74758]
Event: 35.973 Thread 0x00000254278acf00 10691       3       org.apache.maven.surefire.stream.EventDecoder::getEncodedMagicNumber (4 bytes)
Event: 35.973 Thread 0x00000254278acf00 nmethod 10691 0x0000025413cc2a08 code [0x0000025413cc2b20, 0x0000025413cc2c38]
Event: 35.973 Thread 0x00000254278acf00 10692   !   3       org.apache.maven.surefire.stream.EventDecoder::decode (399 bytes)
Event: 35.979 Thread 0x00000254278acf00 nmethod 10692 0x0000025413ac5788 code [0x0000025413ac5ce0, 0x0000025413ac8c58]
Event: 35.984 Thread 0x00000254278acf00 10693       1       java.util.concurrent.atomic.AtomicInteger::get (5 bytes)
Event: 35.984 Thread 0x00000254278acf00 nmethod 10693 0x000002541aea9288 code [0x000002541aea93a0, 0x000002541aea9468]

GC Heap History (20 events):
Event: 24.824 GC heap before
{Heap before GC invocations=7 (full 0):
 garbage-first heap   total reserved 2048000K, committed 90112K, used 67072K [0x0000000083000000, 0x0000000100000000)
  region size 1024K, 38 young (38912K), 7 survivors (7168K)
 Metaspace       used 28493K, committed 28928K, reserved 1114112K
  class space    used 3310K, committed 3456K, reserved 1048576K
}
Event: 24.842 GC heap after
{Heap after GC invocations=8 (full 0):
 garbage-first heap   total reserved 2048000K, committed 90112K, used 39424K [0x0000000083000000, 0x0000000100000000)
  region size 1024K, 3 young (3072K), 3 survivors (3072K)
 Metaspace       used 28493K, committed 28928K, reserved 1114112K
  class space    used 3310K, committed 3456K, reserved 1048576K
}
Event: 25.516 GC heap before
{Heap before GC invocations=8 (full 0):
 garbage-first heap   total reserved 2048000K, committed 90112K, used 71168K [0x0000000083000000, 0x0000000100000000)
  region size 1024K, 34 young (34816K), 3 survivors (3072K)
 Metaspace       used 29937K, committed 30464K, reserved 1114112K
  class space    used 3482K, committed 3712K, reserved 1048576K
}
Event: 25.524 GC heap after
{Heap after GC invocations=9 (full 0):
 garbage-first heap   total reserved 2048000K, committed 90112K, used 40148K [0x0000000083000000, 0x0000000100000000)
  region size 1024K, 4 young (4096K), 4 survivors (4096K)
 Metaspace       used 29937K, committed 30464K, reserved 1114112K
  class space    used 3482K, committed 3712K, reserved 1048576K
}
Event: 25.844 GC heap before
{Heap before GC invocations=9 (full 0):
 garbage-first heap   total reserved 2048000K, committed 90112K, used 73940K [0x0000000083000000, 0x0000000100000000)
  region size 1024K, 37 young (37888K), 4 survivors (4096K)
 Metaspace       used 30321K, committed 30912K, reserved 1114112K
  class space    used 3507K, committed 3776K, reserved 1048576K
}
Event: 25.855 GC heap after
{Heap after GC invocations=10 (full 0):
 garbage-first heap   total reserved 2048000K, committed 108544K, used 41148K [0x0000000083000000, 0x0000000100000000)
  region size 1024K, 2 young (2048K), 2 survivors (2048K)
 Metaspace       used 30321K, committed 30912K, reserved 1114112K
  class space    used 3507K, committed 3776K, reserved 1048576K
}
Event: 26.235 GC heap before
{Heap before GC invocations=10 (full 0):
 garbage-first heap   total reserved 2048000K, committed 108544K, used 88252K [0x0000000083000000, 0x0000000100000000)
  region size 1024K, 48 young (49152K), 2 survivors (2048K)
 Metaspace       used 30544K, committed 31104K, reserved 1114112K
  class space    used 3511K, committed 3776K, reserved 1048576K
}
Event: 26.241 GC heap after
{Heap after GC invocations=11 (full 0):
 garbage-first heap   total reserved 2048000K, committed 108544K, used 41829K [0x0000000083000000, 0x0000000100000000)
  region size 1024K, 3 young (3072K), 3 survivors (3072K)
 Metaspace       used 30544K, committed 31104K, reserved 1114112K
  class space    used 3511K, committed 3776K, reserved 1048576K
}
Event: 27.774 GC heap before
{Heap before GC invocations=11 (full 0):
 garbage-first heap   total reserved 2048000K, committed 108544K, used 90981K [0x0000000083000000, 0x0000000100000000)
  region size 1024K, 51 young (52224K), 3 survivors (3072K)
 Metaspace       used 32605K, committed 33152K, reserved 1114112K
  class space    used 3746K, committed 3968K, reserved 1048576K
}
Event: 27.787 GC heap after
{Heap after GC invocations=12 (full 0):
 garbage-first heap   total reserved 2048000K, committed 108544K, used 43088K [0x0000000083000000, 0x0000000100000000)
  region size 1024K, 4 young (4096K), 4 survivors (4096K)
 Metaspace       used 32605K, committed 33152K, reserved 1114112K
  class space    used 3746K, committed 3968K, reserved 1048576K
}
Event: 31.601 GC heap before
{Heap before GC invocations=12 (full 0):
 garbage-first heap   total reserved 2048000K, committed 108544K, used 98384K [0x0000000083000000, 0x0000000100000000)
  region size 1024K, 53 young (54272K), 4 survivors (4096K)
 Metaspace       used 32847K, committed 33408K, reserved 1114112K
  class space    used 3757K, committed 4032K, reserved 1048576K
}
Event: 31.626 GC heap after
{Heap after GC invocations=13 (full 0):
 garbage-first heap   total reserved 2048000K, committed 116736K, used 59872K [0x0000000083000000, 0x0000000100000000)
  region size 1024K, 7 young (7168K), 7 survivors (7168K)
 Metaspace       used 32847K, committed 33408K, reserved 1114112K
  class space    used 3757K, committed 4032K, reserved 1048576K
}
Event: 31.637 GC heap before
{Heap before GC invocations=13 (full 0):
 garbage-first heap   total reserved 2048000K, committed 116736K, used 60896K [0x0000000083000000, 0x0000000100000000)
  region size 1024K, 9 young (9216K), 7 survivors (7168K)
 Metaspace       used 32847K, committed 33408K, reserved 1114112K
  class space    used 3757K, committed 4032K, reserved 1048576K
}
Event: 31.650 GC heap after
{Heap after GC invocations=14 (full 0):
 garbage-first heap   total reserved 2048000K, committed 116736K, used 61440K [0x0000000083000000, 0x0000000100000000)
  region size 1024K, 1 young (1024K), 1 survivors (1024K)
 Metaspace       used 32847K, committed 33408K, reserved 1114112K
  class space    used 3757K, committed 4032K, reserved 1048576K
}
Event: 32.901 GC heap before
{Heap before GC invocations=15 (full 0):
 garbage-first heap   total reserved 2048000K, committed 116736K, used 96256K [0x0000000083000000, 0x0000000100000000)
  region size 1024K, 35 young (35840K), 1 survivors (1024K)
 Metaspace       used 33564K, committed 34176K, reserved 1114112K
  class space    used 3854K, committed 4096K, reserved 1048576K
}
Event: 32.912 GC heap after
{Heap after GC invocations=16 (full 0):
 garbage-first heap   total reserved 2048000K, committed 116736K, used 67584K [0x0000000083000000, 0x0000000100000000)
  region size 1024K, 5 young (5120K), 5 survivors (5120K)
 Metaspace       used 33564K, committed 34176K, reserved 1114112K
  class space    used 3854K, committed 4096K, reserved 1048576K
}
Event: 33.245 GC heap before
{Heap before GC invocations=16 (full 0):
 garbage-first heap   total reserved 2048000K, committed 116736K, used 100352K [0x0000000083000000, 0x0000000100000000)
  region size 1024K, 37 young (37888K), 5 survivors (5120K)
 Metaspace       used 34314K, committed 34944K, reserved 1114112K
  class space    used 3929K, committed 4224K, reserved 1048576K
}
Event: 33.256 GC heap after
{Heap after GC invocations=17 (full 0):
 garbage-first heap   total reserved 2048000K, committed 116736K, used 61547K [0x0000000083000000, 0x0000000100000000)
  region size 1024K, 1 young (1024K), 1 survivors (1024K)
 Metaspace       used 34314K, committed 34944K, reserved 1114112K
  class space    used 3929K, committed 4224K, reserved 1048576K
}
Event: 34.138 GC heap before
{Heap before GC invocations=17 (full 0):
 garbage-first heap   total reserved 2048000K, committed 116736K, used 97387K [0x0000000083000000, 0x0000000100000000)
  region size 1024K, 36 young (36864K), 1 survivors (1024K)
 Metaspace       used 34652K, committed 35264K, reserved 1114112K
  class space    used 3945K, committed 4224K, reserved 1048576K
}
Event: 34.144 GC heap after
{Heap after GC invocations=18 (full 0):
 garbage-first heap   total reserved 2048000K, committed 116736K, used 62780K [0x0000000083000000, 0x0000000100000000)
  region size 1024K, 2 young (2048K), 2 survivors (2048K)
 Metaspace       used 34652K, committed 35264K, reserved 1114112K
  class space    used 3945K, committed 4224K, reserved 1048576K
}

Dll operation events (12 events):
Event: 0.081 Loaded shared library C:\Users\User\.jdks\openjdk-23.0.1\bin\java.dll
Event: 0.128 Loaded shared library C:\Users\User\.jdks\openjdk-23.0.1\bin\jsvml.dll
Event: 0.172 Loaded shared library C:\Users\User\.jdks\openjdk-23.0.1\bin\zip.dll
Event: 0.175 Loaded shared library C:\Users\User\.jdks\openjdk-23.0.1\bin\instrument.dll
Event: 0.179 Loaded shared library C:\Users\User\.jdks\openjdk-23.0.1\bin\net.dll
Event: 0.181 Loaded shared library C:\Users\User\.jdks\openjdk-23.0.1\bin\nio.dll
Event: 0.207 Loaded shared library C:\Users\User\.jdks\openjdk-23.0.1\bin\zip.dll
Event: 0.252 Loaded shared library C:\Program Files\JetBrains\IntelliJ IDEA Community Edition 2024.1.1\bin\breakgen64.dll
Event: 0.262 Loaded shared library C:\Users\User\.jdks\openjdk-23.0.1\bin\extnet.dll
Event: 1.151 Loaded shared library C:\Users\User\.jdks\openjdk-23.0.1\bin\jimage.dll
Event: 3.866 Loaded shared library C:\Users\User\AppData\Local\Temp\jansi-2.4.0-20fec3f9b7840bf-jansi.dll
Event: 3.881 Loaded shared library C:\Users\User\.jdks\openjdk-23.0.1\bin\verify.dll

Deoptimization events (20 events):
Event: 35.958 Thread 0x000002546eab3c60 Uncommon trap: trap_request=0xffffffc6 fr.pc=0x000002541aed9c48 relative=0x0000000000000188
Event: 35.958 Thread 0x000002546eab3c60 Uncommon trap: reason=bimorphic_or_optimized_type_check action=maybe_recompile pc=0x000002541aed9c48 method=java.lang.Character.codePointAt(Ljava/lang/CharSequence;I)I @ 2 c2
Event: 35.958 Thread 0x000002546eab3c60 DEOPT PACKING pc=0x000002541aed9c48 sp=0x000000af0c4fece0
Event: 35.958 Thread 0x000002546eab3c60 DEOPT UNPACKING pc=0x000002541a887982 sp=0x000000af0c4fec78 mode 2
Event: 35.958 Thread 0x000002546eab3c60 Uncommon trap: trap_request=0xffffff45 fr.pc=0x000002541af23d94 relative=0x0000000000000074
Event: 35.958 Thread 0x000002546eab3c60 Uncommon trap: reason=unstable_if action=reinterpret pc=0x000002541af23d94 method=java.util.regex.Pattern.lambda$DOT$11(I)Z @ 3 c2
Event: 35.958 Thread 0x000002546eab3c60 DEOPT PACKING pc=0x000002541af23d94 sp=0x000000af0c4fed00
Event: 35.958 Thread 0x000002546eab3c60 DEOPT UNPACKING pc=0x000002541a887982 sp=0x000000af0c4fec28 mode 2
Event: 35.958 Thread 0x000002546eab3c60 Uncommon trap: trap_request=0xffffffc6 fr.pc=0x000002541b09cd64 relative=0x0000000000000804
Event: 35.958 Thread 0x000002546eab3c60 Uncommon trap: reason=bimorphic_or_optimized_type_check action=maybe_recompile pc=0x000002541b09cd64 method=java.util.regex.Pattern$Slice.match(Ljava/util/regex/Matcher;ILjava/lang/CharSequence;)Z @ 49 c2
Event: 35.958 Thread 0x000002546eab3c60 DEOPT PACKING pc=0x000002541b09cd64 sp=0x000000af0c4fec50
Event: 35.959 Thread 0x000002546eab3c60 DEOPT UNPACKING pc=0x000002541a887982 sp=0x000000af0c4feb78 mode 2
Event: 35.959 Thread 0x000002546eab3c60 Uncommon trap: trap_request=0xffffffc6 fr.pc=0x000002541af1e788 relative=0x00000000000002a8
Event: 35.959 Thread 0x000002546eab3c60 Uncommon trap: reason=bimorphic_or_optimized_type_check action=maybe_recompile pc=0x000002541af1e788 method=java.util.regex.Pattern$BmpCharProperty.match(Ljava/util/regex/Matcher;ILjava/lang/CharSequence;)Z @ 14 c2
Event: 35.959 Thread 0x000002546eab3c60 DEOPT PACKING pc=0x000002541af1e788 sp=0x000000af0c4febe0
Event: 35.959 Thread 0x000002546eab3c60 DEOPT UNPACKING pc=0x000002541a887982 sp=0x000000af0c4feb90 mode 2
Event: 35.960 Thread 0x000002546eab3c60 Uncommon trap: trap_request=0xffffffc6 fr.pc=0x000002541af88744 relative=0x0000000000000184
Event: 35.960 Thread 0x000002546eab3c60 Uncommon trap: reason=bimorphic_or_optimized_type_check action=maybe_recompile pc=0x000002541af88744 method=java.util.regex.Matcher.getTextLength()I @ 4 c2
Event: 35.960 Thread 0x000002546eab3c60 DEOPT PACKING pc=0x000002541af88744 sp=0x000000af0c4feea0
Event: 35.960 Thread 0x000002546eab3c60 DEOPT UNPACKING pc=0x000002541a887982 sp=0x000000af0c4fedf0 mode 2

Classes loaded (20 events):
Event: 35.773 Loading class sun/util/logging/internal/LoggingProviderImpl$JULWrapper
Event: 35.774 Loading class sun/util/logging/PlatformLogger$ConfigurableBridge$LoggerConfiguration
Event: 35.774 Loading class sun/util/logging/PlatformLogger$ConfigurableBridge$LoggerConfiguration done
Event: 35.774 Loading class sun/util/logging/internal/LoggingProviderImpl$JULWrapper done
Event: 35.774 Loading class java/lang/System$Logger$Level
Event: 35.774 Loading class java/lang/System$Logger$Level done
Event: 35.775 Loading class java/nio/channels/ClosedChannelException
Event: 35.775 Loading class java/nio/channels/ClosedChannelException done
Event: 35.777 Loading class java/nio/channels/NonReadableChannelException
Event: 35.777 Loading class java/nio/channels/NonReadableChannelException done
Event: 35.778 Loading class java/nio/channels/NonWritableChannelException
Event: 35.778 Loading class java/nio/channels/NonWritableChannelException done
Event: 35.799 Loading class java/util/Scanner
Event: 35.801 Loading class java/util/Scanner done
Event: 35.803 Loading class java/util/Scanner$PatternLRUCache
Event: 35.803 Loading class java/util/Scanner$PatternLRUCache done
Event: 35.959 Loading class java/util/regex/Matcher$ImmutableMatchResult
Event: 35.960 Loading class java/util/regex/Matcher$ImmutableMatchResult done
Event: 35.966 Loading class java/util/concurrent/atomic/Striped64$1
Event: 35.967 Loading class java/util/concurrent/atomic/Striped64$1 done

Classes unloaded (20 events):
Event: 34.174 Thread 0x0000025427879a30 Unloading class 0x0000025429346a10 'lombok/javac/apt/MessagerDiagnosticsReceiver'
Event: 34.174 Thread 0x0000025427879a30 Unloading class 0x0000025429346640 'lombok/javac/apt/InterceptingJavaFileManager'
Event: 34.174 Thread 0x0000025427879a30 Unloading class 0x0000025429346430 'lombok/permit/dummy/Parent'
Event: 34.174 Thread 0x0000025427879a30 Unloading class 0x0000025429346210 'lombok/core/CleanupRegistry'
Event: 34.174 Thread 0x0000025427879a30 Unloading class 0x0000025429346000 'lombok/permit/Permit$Fake'
Event: 34.174 Thread 0x0000025427879a30 Unloading class 0x0000025429345c10 'lombok/permit/Permit'
Event: 34.174 Thread 0x0000025427879a30 Unloading class 0x0000025429345a10 'lombok/core/DiagnosticsReceiver'
Event: 34.174 Thread 0x0000025427879a30 Unloading class 0x0000025429345718 'lombok/javac/apt/LombokProcessor$1'
Event: 34.174 Thread 0x0000025427879a30 Unloading class 0x0000025429345478 'lombok/javac/apt/LombokProcessor'
Event: 34.174 Thread 0x0000025427879a30 Unloading class 0x0000025429345240 'lombok/core/AnnotationProcessor$EcjDescriptor'
Event: 34.174 Thread 0x0000025427879a30 Unloading class 0x0000025429345000 'lombok/core/AnnotationProcessor$JavacDescriptor'
Event: 34.174 Thread 0x0000025427879a30 Unloading class 0x0000025429344a88 'lombok/core/AnnotationProcessor$ProcessorDescriptor'
Event: 34.174 Thread 0x0000025427879a30 Unloading class 0x0000025429344800 'lombok/core/AnnotationProcessor'
Event: 34.174 Thread 0x0000025427879a30 Unloading class 0x00000254293a3800 'lombok/launch/AnnotationProcessorHider$ClaimingProcessor'
Event: 34.174 Thread 0x0000025427879a30 Unloading class 0x00000254293444a8 'lombok/launch/AnnotationProcessorHider$AstModificationNotifierData'
Event: 34.174 Thread 0x0000025427879a30 Unloading class 0x0000025429344220 'lombok/launch/ClassFileMetaData'
Event: 34.174 Thread 0x0000025427879a30 Unloading class 0x0000025429344000 'lombok/launch/PackageShader'
Event: 34.174 Thread 0x0000025427879a30 Unloading class 0x0000025429318490 'lombok/launch/ShadowClassLoader'
Event: 34.174 Thread 0x0000025427879a30 Unloading class 0x0000025429318288 'lombok/launch/Main'
Event: 34.174 Thread 0x0000025427879a30 Unloading class 0x0000025429318000 'lombok/launch/AnnotationProcessorHider$AnnotationProcessor'

Classes redefined (0 events):
No events

Internal exceptions (20 events):
Event: 33.318 Thread 0x000002540abce5f0 Exception <a 'sun/nio/fs/WindowsException'{0x0000000088f3cd10}> (0x0000000088f3cd10) 
thrown [s\open\src\hotspot\share\prims\jni.cpp, line 520]
Event: 33.318 Thread 0x000002540abce5f0 Exception <a 'sun/nio/fs/WindowsException'{0x0000000088f51830}> (0x0000000088f51830) 
thrown [s\open\src\hotspot\share\prims\jni.cpp, line 520]
Event: 33.318 Thread 0x000002540abce5f0 Exception <a 'sun/nio/fs/WindowsException'{0x0000000088f96b80}> (0x0000000088f96b80) 
thrown [s\open\src\hotspot\share\prims\jni.cpp, line 520]
Event: 33.318 Thread 0x000002540abce5f0 Exception <a 'sun/nio/fs/WindowsException'{0x0000000088f97be0}> (0x0000000088f97be0) 
thrown [s\open\src\hotspot\share\prims\jni.cpp, line 520]
Event: 33.630 Thread 0x000002540abce5f0 Exception <a 'sun/nio/fs/WindowsException'{0x0000000087ec5488}> (0x0000000087ec5488) 
thrown [s\open\src\hotspot\share\prims\jni.cpp, line 520]
Event: 33.631 Thread 0x000002540abce5f0 Exception <a 'sun/nio/fs/WindowsException'{0x0000000087ec5bc8}> (0x0000000087ec5bc8) 
thrown [s\open\src\hotspot\share\prims\jni.cpp, line 520]
Event: 33.631 Thread 0x000002540abce5f0 Exception <a 'sun/nio/fs/WindowsException'{0x0000000087ec6f08}> (0x0000000087ec6f08) 
thrown [s\open\src\hotspot\share\prims\jni.cpp, line 520]
Event: 33.659 Thread 0x000002540abce5f0 Exception <a 'sun/nio/fs/WindowsException'{0x0000000087a07c58}> (0x0000000087a07c58) 
thrown [s\open\src\hotspot\share\prims\jni.cpp, line 520]
Event: 33.659 Thread 0x000002540abce5f0 Exception <a 'sun/nio/fs/WindowsException'{0x0000000087a08398}> (0x0000000087a08398) 
thrown [s\open\src\hotspot\share\prims\jni.cpp, line 520]
Event: 33.659 Thread 0x000002540abce5f0 Exception <a 'sun/nio/fs/WindowsException'{0x0000000087a096f8}> (0x0000000087a096f8) 
thrown [s\open\src\hotspot\share\prims\jni.cpp, line 520]
Event: 33.662 Thread 0x000002540abce5f0 Exception <a 'sun/nio/fs/WindowsException'{0x0000000087a2d358}> (0x0000000087a2d358) 
thrown [s\open\src\hotspot\share\prims\jni.cpp, line 520]
Event: 33.662 Thread 0x000002540abce5f0 Exception <a 'sun/nio/fs/WindowsException'{0x0000000087a2daa0}> (0x0000000087a2daa0) 
thrown [s\open\src\hotspot\share\prims\jni.cpp, line 520]
Event: 33.662 Thread 0x000002540abce5f0 Exception <a 'sun/nio/fs/WindowsException'{0x0000000087a2ee28}> (0x0000000087a2ee28) 
thrown [s\open\src\hotspot\share\prims\jni.cpp, line 520]
Event: 35.322 Thread 0x000002546eab2f40 Exception <a 'java/lang/NoSuchMethodError'{0x000000008899b538}: 'java.lang.Object java.lang.invoke.DirectMethodHandle$Holder.invokeStatic(java.lang.Object, long, java.lang.Object)'> (0x000000008899b538) 
thrown [s\open\src\hotspot\share\interpreter\linkResolver.cpp, line 796]
Event: 35.322 Thread 0x000002546eab2f40 Exception <a 'java/lang/NoSuchMethodError'{0x000000008899e928}: 'java.lang.Object java.lang.invoke.DirectMethodHandle$Holder.invokeStaticInit(java.lang.Object, long, java.lang.Object)'> (0x000000008899e928) 
thrown [s\open\src\hotspot\share\interpreter\linkResolver.cpp, line 796]
Event: 35.322 Thread 0x000002546eab2f40 Exception <a 'java/lang/NoSuchMethodError'{0x00000000889a3e50}: 'java.lang.Object java.lang.invoke.DirectMethodHandle$Holder.newInvokeSpecial(java.lang.Object, long)'> (0x00000000889a3e50) 
thrown [s\open\src\hotspot\share\interpreter\linkResolver.cpp, line 796]
Event: 35.325 Thread 0x000002546eab2f40 Exception <a 'java/lang/NoSuchMethodError'{0x00000000889a8750}: 'long java.lang.invoke.DirectMethodHandle$Holder.invokeInterface(java.lang.Object, java.lang.Object)'> (0x00000000889a8750) 
thrown [s\open\src\hotspot\share\interpreter\linkResolver.cpp, line 796]
Event: 35.325 Thread 0x000002546eab2f40 Exception <a 'java/lang/NoSuchMethodError'{0x00000000889abc50}: 'long java.lang.invoke.DelegatingMethodHandle$Holder.reinvoke_L(java.lang.Object, java.lang.Object)'> (0x00000000889abc50) 
thrown [s\open\src\hotspot\share\interpreter\linkResolver.cpp, line 796]
Event: 35.386 Thread 0x000002540abce5f0 Exception <a 'java/lang/NoSuchMethodError'{0x00000000887b64a0}: 'java.lang.Object java.lang.invoke.DirectMethodHandle$Holder.invokeStaticInit(java.lang.Object, java.lang.Object, int, int, int, int)'> (0x00000000887b64a0) 
thrown [s\open\src\hotspot\share\interpreter\linkResolver.cpp, line 796]
Event: 35.766 Thread 0x000002540abce5f0 Exception <a 'java/lang/NoSuchMethodError'{0x0000000087de6a58}: 'void java.lang.invoke.DirectMethodHandle$Holder.invokeStatic(java.lang.Object, long)'> (0x0000000087de6a58) 
thrown [s\open\src\hotspot\share\interpreter\linkResolver.cpp, line 796]

VM Operations (20 events):
Event: 34.138 Executing VM operation: G1CollectForAllocation (G1 Evacuation Pause)
Event: 34.144 Executing VM operation: G1CollectForAllocation (G1 Evacuation Pause) done
Event: 34.172 Executing VM operation: G1PauseRemark
Event: 34.193 Executing VM operation: G1PauseRemark done
Event: 34.206 Executing VM operation: G1PauseCleanup
Event: 34.206 Executing VM operation: G1PauseCleanup done
Event: 35.301 Executing VM operation: HandshakeAllThreads (Deoptimize)
Event: 35.301 Executing VM operation: HandshakeAllThreads (Deoptimize) done
Event: 35.324 Executing VM operation: HandshakeAllThreads (Deoptimize)
Event: 35.324 Executing VM operation: HandshakeAllThreads (Deoptimize) done
Event: 35.691 Executing VM operation: HandshakeAllThreads (Deoptimize)
Event: 35.691 Executing VM operation: HandshakeAllThreads (Deoptimize) done
Event: 35.696 Executing VM operation: HandshakeAllThreads (Deoptimize)
Event: 35.696 Executing VM operation: HandshakeAllThreads (Deoptimize) done
Event: 35.704 Executing VM operation: HandshakeAllThreads (Deoptimize)
Event: 35.704 Executing VM operation: HandshakeAllThreads (Deoptimize) done
Event: 35.716 Executing VM operation: HandshakeAllThreads (Deoptimize)
Event: 35.717 Executing VM operation: HandshakeAllThreads (Deoptimize) done
Event: 35.717 Executing VM operation: HandshakeAllThreads (Deoptimize)
Event: 35.717 Executing VM operation: HandshakeAllThreads (Deoptimize) done

Memory protections (0 events):
No events

Nmethod flushes (20 events):
Event: 34.191 Thread 0x0000025427879a30 flushing  nmethod 0x00000254140df988
Event: 34.191 Thread 0x0000025427879a30 flushing  nmethod 0x00000254140f4e88
Event: 34.191 Thread 0x0000025427879a30 flushing  nmethod 0x00000254140f5188
Event: 34.191 Thread 0x0000025427879a30 flushing  nmethod 0x00000254140f7d88
Event: 34.191 Thread 0x0000025427879a30 flushing  nmethod 0x00000254140f8788
Event: 34.191 Thread 0x0000025427879a30 flushing  nmethod 0x0000025414102a08
Event: 34.191 Thread 0x0000025427879a30 flushing  nmethod 0x0000025414103088
Event: 34.191 Thread 0x0000025427879a30 flushing  nmethod 0x0000025414107008
Event: 34.191 Thread 0x0000025427879a30 flushing  nmethod 0x0000025414108c08
Event: 34.191 Thread 0x0000025427879a30 flushing  nmethod 0x000002541410e208
Event: 34.191 Thread 0x0000025427879a30 flushing  nmethod 0x000002541410e908
Event: 34.191 Thread 0x0000025427879a30 flushing  nmethod 0x000002541412ec88
Event: 34.191 Thread 0x0000025427879a30 flushing  nmethod 0x0000025414146108
Event: 34.191 Thread 0x0000025427879a30 flushing  nmethod 0x00000254141d4a88
Event: 34.191 Thread 0x0000025427879a30 flushing  nmethod 0x00000254141d7c08
Event: 34.191 Thread 0x0000025427879a30 flushing  nmethod 0x00000254141d8288
Event: 34.191 Thread 0x0000025427879a30 flushing  nmethod 0x000002541421ef08
Event: 34.191 Thread 0x0000025427879a30 flushing  nmethod 0x0000025414220908
Event: 34.191 Thread 0x0000025427879a30 flushing  nmethod 0x0000025414228788
Event: 34.191 Thread 0x0000025427879a30 flushing  nmethod 0x0000025414228c08

Events (20 events):
Event: 1.167 Thread 0x00000254278acf00 Thread added: 0x0000025427c64cb0
Event: 1.401 Thread 0x0000025427c64cb0 Thread exited: 0x0000025427c64cb0
Event: 4.375 Thread 0x00000254278acf00 Thread added: 0x000002546d280500
Event: 6.291 Thread 0x000002546d280500 Thread exited: 0x000002546d280500
Event: 6.421 Thread 0x00000254278acf00 Thread added: 0x000002546d8d24d0
Event: 7.366 Thread 0x000002546d8d24d0 Thread exited: 0x000002546d8d24d0
Event: 8.738 Thread 0x00000254278acf00 Thread added: 0x000002546e178cf0
Event: 9.978 Thread 0x000002546e178cf0 Thread exited: 0x000002546e178cf0
Event: 11.004 Thread 0x00000254278acf00 Thread added: 0x000002546e177880
Event: 11.205 Thread 0x000002546e177880 Thread exited: 0x000002546e177880
Event: 14.995 Thread 0x00000254278acf00 Thread added: 0x000002546e175670
Event: 15.248 Thread 0x000002546e175670 Thread exited: 0x000002546e175670
Event: 35.303 Thread 0x000002540abce5f0 Thread added: 0x000002546eab2f40
Event: 35.326 Thread 0x000002546eab2f40 Thread exited: 0x000002546eab2f40
Event: 35.658 Thread 0x000002540abce5f0 Thread added: 0x000002546eab0e70
Event: 35.661 Thread 0x000002540abce5f0 Thread added: 0x000002546eab2f40
Event: 35.744 Thread 0x000002540abce5f0 Thread added: 0x000002546eab8490
Event: 35.799 Thread 0x000002540abce5f0 Thread added: 0x000002546eab3c60
Event: 35.800 Thread 0x000002540abce5f0 Thread added: 0x000002546eab1b90
Event: 35.811 Thread 0x000002540abce5f0 Thread added: 0x000002546eab63c0


Dynamic libraries:
0x00007ff68e710000 - 0x00007ff68e71e000 	C:\Users\User\.jdks\openjdk-23.0.1\bin\java.exe
0x00007ff8eaeb0000 - 0x00007ff8eb0c7000 	C:\WINDOWS\SYSTEM32\ntdll.dll
0x00007ff8ea660000 - 0x00007ff8ea724000 	C:\WINDOWS\System32\KERNEL32.DLL
0x00007ff8e86f0000 - 0x00007ff8e8aa9000 	C:\WINDOWS\System32\KERNELBASE.dll
0x00007ff8e8ab0000 - 0x00007ff8e8bc1000 	C:\WINDOWS\System32\ucrtbase.dll
0x00007ff8d3780000 - 0x00007ff8d3797000 	C:\Users\User\.jdks\openjdk-23.0.1\bin\jli.dll
0x00007ff8d3760000 - 0x00007ff8d377b000 	C:\Users\User\.jdks\openjdk-23.0.1\bin\VCRUNTIME140.dll
0x00007ff8e8d00000 - 0x00007ff8e8eae000 	C:\WINDOWS\System32\USER32.dll
0x00007ff8ce500000 - 0x00007ff8ce792000 	C:\WINDOWS\WinSxS\amd64_microsoft.windows.common-controls_6595b64144ccf1df_6.0.22621.4391_none_2715d37f73803e96\COMCTL32.dll
0x00007ff8e8270000 - 0x00007ff8e8296000 	C:\WINDOWS\System32\win32u.dll
0x00007ff8ea8f0000 - 0x00007ff8ea997000 	C:\WINDOWS\System32\msvcrt.dll
0x00007ff8e9da0000 - 0x00007ff8e9dc9000 	C:\WINDOWS\System32\GDI32.dll
0x00007ff8e8440000 - 0x00007ff8e855b000 	C:\WINDOWS\System32\gdi32full.dll
0x00007ff8e8560000 - 0x00007ff8e85fa000 	C:\WINDOWS\System32\msvcp_win.dll
0x00007ff8e9480000 - 0x00007ff8e94b1000 	C:\WINDOWS\System32\IMM32.DLL
0x00007ff8d5cb0000 - 0x00007ff8d5cbc000 	C:\Users\User\.jdks\openjdk-23.0.1\bin\vcruntime140_1.dll
0x00007ff8be880000 - 0x00007ff8be90e000 	C:\Users\User\.jdks\openjdk-23.0.1\bin\msvcp140.dll
0x00007ff87fdb0000 - 0x00007ff880aff000 	C:\Users\User\.jdks\openjdk-23.0.1\bin\server\jvm.dll
0x00007ff8e91c0000 - 0x00007ff8e9272000 	C:\WINDOWS\System32\ADVAPI32.dll
0x00007ff8e9ce0000 - 0x00007ff8e9d87000 	C:\WINDOWS\System32\sechost.dll
0x00007ff8e8410000 - 0x00007ff8e8438000 	C:\WINDOWS\System32\bcrypt.dll
0x00007ff8e92d0000 - 0x00007ff8e93e4000 	C:\WINDOWS\System32\RPCRT4.dll
0x00007ff8e8bd0000 - 0x00007ff8e8c41000 	C:\WINDOWS\System32\WS2_32.dll
0x00007ff8e70a0000 - 0x00007ff8e70ed000 	C:\WINDOWS\SYSTEM32\POWRPROF.dll
0x00007ff8e3680000 - 0x00007ff8e36b4000 	C:\WINDOWS\SYSTEM32\WINMM.dll
0x00007ff8e3e00000 - 0x00007ff8e3e0a000 	C:\WINDOWS\SYSTEM32\VERSION.dll
0x00007ff8e7010000 - 0x00007ff8e7023000 	C:\WINDOWS\SYSTEM32\UMPDC.dll
0x00007ff8e7240000 - 0x00007ff8e7258000 	C:\WINDOWS\SYSTEM32\kernel.appcore.dll
0x00007ff8d3bf0000 - 0x00007ff8d3bfa000 	C:\Users\User\.jdks\openjdk-23.0.1\bin\jimage.dll
0x00007ff8e5880000 - 0x00007ff8e5ab2000 	C:\WINDOWS\SYSTEM32\DBGHELP.DLL
0x00007ff8e94c0000 - 0x00007ff8e984f000 	C:\WINDOWS\System32\combase.dll
0x00007ff8ead90000 - 0x00007ff8eae67000 	C:\WINDOWS\System32\OLEAUT32.dll
0x00007ff8cb280000 - 0x00007ff8cb2b2000 	C:\WINDOWS\SYSTEM32\dbgcore.DLL
0x00007ff8e8600000 - 0x00007ff8e867b000 	C:\WINDOWS\System32\bcryptPrimitives.dll
0x00007ff8d2a60000 - 0x00007ff8d2a6f000 	C:\Users\User\.jdks\openjdk-23.0.1\bin\instrument.dll
0x00007ff8caed0000 - 0x00007ff8caeee000 	C:\Users\User\.jdks\openjdk-23.0.1\bin\java.dll
0x00007ff8eabe0000 - 0x00007ff8ead85000 	C:\WINDOWS\System32\ole32.dll
0x00007ff8e9de0000 - 0x00007ff8ea656000 	C:\WINDOWS\System32\SHELL32.dll
0x00007ff8e60a0000 - 0x00007ff8e69a3000 	C:\WINDOWS\SYSTEM32\windows.storage.dll
0x00007ff8e5f60000 - 0x00007ff8e609f000 	C:\WINDOWS\SYSTEM32\wintypes.dll
0x00007ff8e90c0000 - 0x00007ff8e91b9000 	C:\WINDOWS\System32\SHCORE.dll
0x00007ff8e9010000 - 0x00007ff8e906e000 	C:\WINDOWS\System32\shlwapi.dll
0x00007ff8e80e0000 - 0x00007ff8e810b000 	C:\WINDOWS\SYSTEM32\profapi.dll
0x00007ff88f540000 - 0x00007ff88f617000 	C:\Users\User\.jdks\openjdk-23.0.1\bin\jsvml.dll
0x00007ff8c7890000 - 0x00007ff8c78a7000 	C:\Users\User\.jdks\openjdk-23.0.1\bin\zip.dll
0x00007ff8d3ac0000 - 0x00007ff8d3ad0000 	C:\Users\User\.jdks\openjdk-23.0.1\bin\net.dll
0x00007ff8e7710000 - 0x00007ff8e7779000 	C:\WINDOWS\system32\mswsock.dll
0x00007ff8c78b0000 - 0x00007ff8c78c6000 	C:\Users\User\.jdks\openjdk-23.0.1\bin\nio.dll
0x00007ff8b7990000 - 0x00007ff8b79aa000 	C:\Program Files\JetBrains\IntelliJ IDEA Community Edition 2024.1.1\bin\breakgen64.dll
0x00007ff8cfb60000 - 0x00007ff8cfb69000 	C:\Users\User\.jdks\openjdk-23.0.1\bin\extnet.dll
0x0000000069ac0000 - 0x0000000069ae4000 	C:\Users\User\AppData\Local\Temp\jansi-2.4.0-20fec3f9b7840bf-jansi.dll
0x00007ff8d0810000 - 0x00007ff8d0820000 	C:\Users\User\.jdks\openjdk-23.0.1\bin\verify.dll
0x00007ff8e79b0000 - 0x00007ff8e79cb000 	C:\WINDOWS\SYSTEM32\CRYPTSP.dll
0x00007ff8e7200000 - 0x00007ff8e7235000 	C:\WINDOWS\system32\rsaenh.dll
0x00007ff8e77b0000 - 0x00007ff8e77d8000 	C:\WINDOWS\SYSTEM32\USERENV.dll
0x00007ff8e7920000 - 0x00007ff8e792c000 	C:\WINDOWS\SYSTEM32\CRYPTBASE.dll
0x00007ff8e6c00000 - 0x00007ff8e6c2d000 	C:\WINDOWS\SYSTEM32\IPHLPAPI.DLL
0x00007ff8e9850000 - 0x00007ff8e9859000 	C:\WINDOWS\System32\NSI.dll

dbghelp: loaded successfully - version: 4.0.5 - missing functions: none
symbol engine: initialized successfully - sym options: 0x614 - pdb path: .;C:\Users\User\.jdks\openjdk-23.0.1\bin;C:\WINDOWS\SYSTEM32;C:\WINDOWS\WinSxS\amd64_microsoft.windows.common-controls_6595b64144ccf1df_6.0.22621.4391_none_2715d37f73803e96;C:\Users\User\.jdks\openjdk-23.0.1\bin\server;C:\Program Files\JetBrains\IntelliJ IDEA Community Edition 2024.1.1\bin;C:\Users\User\AppData\Local\Temp

VM Arguments:
jvm_args: -Dmaven.multiModuleProjectDirectory=C:\Users\User\Desktop\Stock Managment System\backend\StockManagementSystem -Djansi.passthrough=true -Dmaven.home=C:\Program Files\JetBrains\IntelliJ IDEA Community Edition 2024.1.1\plugins\maven\lib\maven3 -Dclassworlds.conf=C:\Program Files\JetBrains\IntelliJ IDEA Community Edition 2024.1.1\plugins\maven\lib\maven3\bin\m2.conf -Dmaven.ext.class.path=C:\Program Files\JetBrains\IntelliJ IDEA Community Edition 2024.1.1\plugins\maven\lib\maven-event-listener.jar -javaagent:C:\Program Files\JetBrains\IntelliJ IDEA Community Edition 2024.1.1\lib\idea_rt.jar=60087:C:\Program Files\JetBrains\IntelliJ IDEA Community Edition 2024.1.1\bin -Dfile.encoding=UTF-8 -Dsun.stdout.encoding=UTF-8 -Dsun.stderr.encoding=UTF-8 
java_command: org.codehaus.classworlds.Launcher -Didea.version=2024.1.1 test
java_class_path (initial): C:\Program Files\JetBrains\IntelliJ IDEA Community Edition 2024.1.1\plugins\maven\lib\maven3\boot\plexus-classworlds-2.7.0.jar;C:\Program Files\JetBrains\IntelliJ IDEA Community Edition 2024.1.1\plugins\maven\lib\maven3\boot\plexus-classworlds.license
Launcher Type: SUN_STANDARD

[Global flags]
     intx CICompilerCount                          = 4                                         {product} {ergonomic}
     uint ConcGCThreads                            = 2                                         {product} {ergonomic}
     uint G1ConcRefinementThreads                  = 8                                         {product} {ergonomic}
   size_t G1HeapRegionSize                         = 1048576                                   {product} {ergonomic}
   size_t InitialHeapSize                          = 132120576                                 {product} {ergonomic}
   size_t MarkStackSize                            = 4194304                                   {product} {ergonomic}
   size_t MarkStackSizeMax                         = 536870912                                 {product} {ergonomic}
   size_t MaxHeapSize                              = 2097152000                                {product} {ergonomic}
   size_t MaxNewSize                               = 1258291200                                {product} {ergonomic}
   size_t MinHeapDeltaBytes                        = 1048576                                   {product} {ergonomic}
   size_t MinHeapSize                              = 8388608                                   {product} {ergonomic}
    uintx NonNMethodCodeHeapSize                   = 5832704                                {pd product} {ergonomic}
    uintx NonProfiledCodeHeapSize                  = 122945536                              {pd product} {ergonomic}
    uintx ProfiledCodeHeapSize                     = 122880000                              {pd product} {ergonomic}
    uintx ReservedCodeCacheSize                    = 251658240                              {pd product} {ergonomic}
     bool SegmentedCodeCache                       = true                                      {product} {ergonomic}
   size_t SoftMaxHeapSize                          = 2097152000                             {manageable} {ergonomic}
     bool UseCompressedOops                        = true                           {product lp64_product} {ergonomic}
     bool UseG1GC                                  = true                                      {product} {ergonomic}
     bool UseLargePagesIndividualAllocation        = false                                  {pd product} {ergonomic}

Logging:
Log output configuration:
 #0: stdout all=warning uptime,level,tags foldmultilines=false
 #1: stderr all=off uptime,level,tags foldmultilines=false

Environment Variables:
PATH=C:\Program Files\Common Files\Oracle\Java\javapath;C:\WINDOWS\system32;C:\WINDOWS;C:\WINDOWS\System32\Wbem;C:\WINDOWS\System32\WindowsPowerShell\v1.0\;C:\WINDOWS\System32\OpenSSH\;C:\Program Files\Microsoft SQL Server\150\Tools\Binn\;C:\Program Files\Microsoft SQL Server\Client SDK\ODBC\170\Tools\Binn\;C:\Program Files\dotnet\;C:\xampp\php;C:\Program Files\Azure Data Studio\bin;C:\Program Files (x86)\Microsoft SQL Server\160\Tools\Binn\;C:\Program Files\Microsoft SQL Server\160\Tools\Binn\;C:\Program Files\Microsoft SQL Server\160\DTS\Binn\;C:\Program Files (x86)\Microsoft SQL Server\160\DTS\Binn\;C:\Program Files\Git\cmd;C:\Program Files\nodejs;C:\Program Files\Java\jdk-21\bin;C:\Intelij\bin;D:\Node js\;C:\Program Files\nodejs\;C:\Program Files\Git LFS;C:\Program Files\Docker\Docker\resources\bin;C:\Program Files\MySQL\MySQL Server 8.0\bin;C:\Program Files\MySQL\MySQL Shell 8.0\bin\;C:\Users\User\AppData\Local\Programs\Python\Python312\Scripts\;C:\Users\User\AppData\Local\Programs\Python\Python312\;C:\Users\User\AppData\Local\Programs\Python\Python311\Scripts\;C:\Users\User\AppData\Local\Programs\Python\Python311\;C:\Users\User\AppData\Local\Microsoft\WindowsApps;C:\Users\User\.dotnet\tools;C:\Program Files\Azure Data Studio\bin;C:\Users\User\AppData\Local\Programs\Microsoft VS Code\bin;C:\Users\User\AppData\Roaming\Microsoft\Windows\Start Menu\Programs\Python 3.11;C:\Flutter\flutter\bin;E:\Intelij\IntelliJ IDEA 2024.1\bin;;C:\Users\User\AppData\Local\GitHubDesktop\bin;C:\Users\User\AppData\Roaming\npm;C:\Users\User\AppData\Local\Android\Sdk;;C:\Program Files\JetBrains\IntelliJ IDEA Community Edition 2024.1.1\bin;
USERNAME=User
OS=Windows_NT
PROCESSOR_IDENTIFIER=Intel64 Family 6 Model 126 Stepping 5, GenuineIntel
TMP=C:\Users\User\AppData\Local\Temp
TEMP=C:\Users\User\AppData\Local\Temp




Periodic native trim disabled

---------------  S Y S T E M  ---------------

OS:
 Windows 11 , 64 bit Build 22621 (10.0.22621.4391)
OS uptime: 14 days 8:10 hours
Hyper-V role detected

CPU: total 8 (initial active 8) (4 cores per cpu, 2 threads per core) family 6 model 126 stepping 5 microcode 0xa6, cx8, cmov, fxsr, ht, mmx, 3dnowpref, sse, sse2, sse3, ssse3, sse4.1, sse4.2, popcnt, lzcnt, tsc, tscinvbit, avx, avx2, aes, erms, clmul, bmi1, bmi2, adx, avx512f, avx512dq, avx512cd, avx512bw, avx512vl, sha, fma, vzeroupper, avx512_vpopcntdq, avx512_vpclmulqdq, avx512_vaes, avx512_vnni, clflush, clflushopt, avx512_vbmi2, avx512_vbmi, hv, rdtscp, rdpid, fsrm, gfni, avx512_bitalg, f16c, avx512_ifma
Processor Information for the first 8 processors :
  Max Mhz: 1498, Current Mhz: 1298, Mhz Limit: 1288

Memory: 4k page, system-wide physical 7997M (275M free)
TotalPageFile size 20802M (AvailPageFile size 200M)
current process WorkingSet (physical memory assigned to process): 262M, peak: 274M
current process commit charge ("private bytes"): 294M, peak: 306M

vm_info: OpenJDK 64-Bit Server VM (23.0.1+11-39) for windows-amd64 JRE (23.0.1+11-39), built on 2024-09-30T07:20:43Z with MS VC++ 17.6 (VS2022)

END.
