#
# There is insufficient memory for the Java Runtime Environment to continue.
# Native memory allocation (mmap) failed to map 2064384 bytes. Error detail: G1 virtual space
# Possible reasons:
#   The system is out of physical RAM or swap space
#   This process is running with CompressedOops enabled, and the Java Heap may be blocking the growth of the native heap
# Possible solutions:
#   Reduce memory load on the system
#   Increase physical memory or swap space
#   Check if swap backing store is full
#   Decrease Java heap size (-Xmx/-Xms)
#   Decrease number of Java threads
#   Decrease Java thread stack sizes (-Xss)
#   Set larger code cache with -XX:ReservedCodeCacheSize=
#   JVM is running with Unscaled Compressed Oops mode in which the Java heap is
#     placed in the first 4GB address space. The Java Heap base address is the
#     maximum limit for the native heap growth. Please use -XX:HeapBaseMinAddress
#     to set the Java Heap base and to place the Java Heap above 4GB virtual address.
# This output file may be truncated or incomplete.
#
#  Out of Memory Error (os_windows.cpp:3703), pid=25560, tid=20176
#
# JRE version:  (23.0.1+11) (build )
# Java VM: OpenJDK 64-Bit Server VM (23.0.1+11-39, mixed mode, sharing, tiered, compressed oops, compressed class ptrs, g1 gc, windows-amd64)
# No core dump will be written. Minidumps are not enabled by default on client versions of Windows
#

---------------  S U M M A R Y ------------

Command Line: C:\Users\User\AppData\Local\Temp\surefire10736769628988718561\surefirebooter-20241228093855817_3.jar C:\Users\User\AppData\Local\Temp\surefire10736769628988718561 2024-12-28T09-38-55_455-jvmRun1 surefire-20241228093855817_1tmp surefire_0-20241228093855817_2tmp

Host: Intel(R) Core(TM) i7-1065G7 CPU @ 1.30GHz, 8 cores, 7G,  Windows 11 , 64 bit Build 22621 (10.0.22621.4391)
Time: Sat Dec 28 09:38:56 2024 Sri Lanka Standard Time elapsed time: 0.033920 seconds (0d 0h 0m 0s)

---------------  T H R E A D  ---------------

Current thread (0x0000023e1cb6d740):  JavaThread "Unknown thread" [_thread_in_vm, id=20176, stack(0x0000007960100000,0x0000007960200000) (1024K)]

Stack: [0x0000007960100000,0x0000007960200000]
Native frames: (J=compiled Java code, j=interpreted, Vv=VM code, C=native code)
V  [jvm.dll+0x6e08b9]  (no source info available)
V  [jvm.dll+0x87dc83]  (no source info available)
V  [jvm.dll+0x88010e]  (no source info available)
V  [jvm.dll+0x8807e3]  (no source info available)
V  [jvm.dll+0x27aee6]  (no source info available)
V  [jvm.dll+0x6dd1c5]  (no source info available)
V  [jvm.dll+0x6d104a]  (no source info available)
V  [jvm.dll+0x35b3ea]  (no source info available)
V  [jvm.dll+0x3637f6]  (no source info available)
V  [jvm.dll+0x34fd73]  (no source info available)
V  [jvm.dll+0x34fff8]  (no source info available)
V  [jvm.dll+0x3289cc]  (no source info available)
V  [jvm.dll+0x32966e]  (no source info available)
V  [jvm.dll+0x844355]  (no source info available)
V  [jvm.dll+0x3b9848]  (no source info available)
V  [jvm.dll+0x82d14c]  (no source info available)
V  [jvm.dll+0x454d4e]  (no source info available)
V  [jvm.dll+0x456bd1]  (no source info available)
C  [jli.dll+0x52a3]  (no source info available)
C  [ucrtbase.dll+0x29333]  (no source info available)
C  [KERNEL32.DLL+0x1259d]  (no source info available)
C  [ntdll.dll+0x5af38]  (no source info available)

Lock stack of current Java thread (top to bottom):


---------------  P R O C E S S  ---------------

Threads class SMR info:
_java_thread_list=0x00007ff8809a3618, length=0, elements={
}

Java Threads: ( => current thread )
Total: 0

Other Threads:
  0x0000023e1edb3a30 WorkerThread "GC Thread#0"                     [id=18612, stack(0x0000007960200000,0x0000007960300000) (1024K)]
  0x0000023e1edc84b0 ConcurrentGCThread "G1 Main Marker"            [id=2860, stack(0x0000007960300000,0x0000007960400000) (1024K)]
  0x0000023e1edc8fd0 WorkerThread "G1 Conc#0"                       [id=20808, stack(0x0000007960400000,0x0000007960500000) (1024K)]

[error occurred during error reporting (printing all threads), id 0xc0000005, EXCEPTION_ACCESS_VIOLATION (0xc0000005) at pc=0x00007ff8800ebfba]
VM state: not at safepoint (not fully initialized)

VM Mutex/Monitor currently owned by a thread:  ([mutex/lock_event])
[0x00007ff880a23a10] Heap_lock - owner thread: 0x0000023e1cb6d740

Heap address: 0x0000000083000000, size: 2000 MB, Compressed Oops mode: 32-bit

CDS archive(s) mapped at: [0x0000000000000000-0x0000000000000000-0x0000000000000000), size 0, SharedBaseAddress: 0x0000000800000000, ArchiveRelocationMode: 1.
Narrow klass base: 0x0000000000000000, Narrow klass shift: 0, Narrow klass range: 0x0

GC Precious Log:
 CardTable entry size: 512
 Card Set container configuration: InlinePtr #cards 5 size 8 Array Of Cards #cards 10 size 36 Howl #buckets 4 coarsen threshold 1843 Howl Bitmap #cards 512 size 80 coarsen threshold 460 Card regions per heap region 1 cards per card region 2048

Heap:
 garbage-first heap   total reserved 2048000K, committed 0K, used 0K [0x0000000083000000, 0x0000000100000000)
  region size 1024K, 0 young (0K), 0 survivors (0K)

[error occurred during error reporting (printing heap information), id 0xc0000005, EXCEPTION_ACCESS_VIOLATION (0xc0000005) at pc=0x00007ff8804ec3c9]
GC Heap History (0 events):
No events

Dll operation events (1 events):
Event: 0.021 Loaded shared library C:\Users\User\.jdks\openjdk-23.0.1\bin\java.dll

Deoptimization events (0 events):
No events

Classes loaded (0 events):
No events

Classes unloaded (0 events):
No events

Classes redefined (0 events):
No events

Internal exceptions (0 events):
No events

VM Operations (0 events):
No events

Memory protections (0 events):
No events

Nmethod flushes (0 events):
No events

Events (0 events):
No events


Dynamic libraries:
0x00007ff68e710000 - 0x00007ff68e71e000 	C:\Users\User\.jdks\openjdk-23.0.1\bin\java.exe
0x00007ff8eaeb0000 - 0x00007ff8eb0c7000 	C:\WINDOWS\SYSTEM32\ntdll.dll
0x00007ff8ea660000 - 0x00007ff8ea724000 	C:\WINDOWS\System32\KERNEL32.DLL
0x00007ff8e86f0000 - 0x00007ff8e8aa9000 	C:\WINDOWS\System32\KERNELBASE.dll
0x00007ff8e8ab0000 - 0x00007ff8e8bc1000 	C:\WINDOWS\System32\ucrtbase.dll
0x00007ff8d3760000 - 0x00007ff8d377b000 	C:\Users\User\.jdks\openjdk-23.0.1\bin\VCRUNTIME140.dll
0x00007ff8d3780000 - 0x00007ff8d3797000 	C:\Users\User\.jdks\openjdk-23.0.1\bin\jli.dll
0x00007ff8e8d00000 - 0x00007ff8e8eae000 	C:\WINDOWS\System32\USER32.dll
0x00007ff8ce500000 - 0x00007ff8ce792000 	C:\WINDOWS\WinSxS\amd64_microsoft.windows.common-controls_6595b64144ccf1df_6.0.22621.4391_none_2715d37f73803e96\COMCTL32.dll
0x00007ff8e8270000 - 0x00007ff8e8296000 	C:\WINDOWS\System32\win32u.dll
0x00007ff8ea8f0000 - 0x00007ff8ea997000 	C:\WINDOWS\System32\msvcrt.dll
0x00007ff8e9da0000 - 0x00007ff8e9dc9000 	C:\WINDOWS\System32\GDI32.dll
0x00007ff8e8440000 - 0x00007ff8e855b000 	C:\WINDOWS\System32\gdi32full.dll
0x00007ff8e8560000 - 0x00007ff8e85fa000 	C:\WINDOWS\System32\msvcp_win.dll
0x00007ff8e9480000 - 0x00007ff8e94b1000 	C:\WINDOWS\System32\IMM32.DLL
0x00007ff8d5cb0000 - 0x00007ff8d5cbc000 	C:\Users\User\.jdks\openjdk-23.0.1\bin\vcruntime140_1.dll
0x00007ff8be880000 - 0x00007ff8be90e000 	C:\Users\User\.jdks\openjdk-23.0.1\bin\msvcp140.dll
0x00007ff87fdb0000 - 0x00007ff880aff000 	C:\Users\User\.jdks\openjdk-23.0.1\bin\server\jvm.dll
0x00007ff8e91c0000 - 0x00007ff8e9272000 	C:\WINDOWS\System32\ADVAPI32.dll
0x00007ff8e9ce0000 - 0x00007ff8e9d87000 	C:\WINDOWS\System32\sechost.dll
0x00007ff8e8410000 - 0x00007ff8e8438000 	C:\WINDOWS\System32\bcrypt.dll
0x00007ff8e92d0000 - 0x00007ff8e93e4000 	C:\WINDOWS\System32\RPCRT4.dll
0x00007ff8e8bd0000 - 0x00007ff8e8c41000 	C:\WINDOWS\System32\WS2_32.dll
0x00007ff8e70a0000 - 0x00007ff8e70ed000 	C:\WINDOWS\SYSTEM32\POWRPROF.dll
0x00007ff8e3680000 - 0x00007ff8e36b4000 	C:\WINDOWS\SYSTEM32\WINMM.dll
0x00007ff8e3e00000 - 0x00007ff8e3e0a000 	C:\WINDOWS\SYSTEM32\VERSION.dll
0x00007ff8e7010000 - 0x00007ff8e7023000 	C:\WINDOWS\SYSTEM32\UMPDC.dll
0x00007ff8e7240000 - 0x00007ff8e7258000 	C:\WINDOWS\SYSTEM32\kernel.appcore.dll
0x00007ff8d3bf0000 - 0x00007ff8d3bfa000 	C:\Users\User\.jdks\openjdk-23.0.1\bin\jimage.dll
0x00007ff8e5880000 - 0x00007ff8e5ab2000 	C:\WINDOWS\SYSTEM32\DBGHELP.DLL
0x00007ff8e94c0000 - 0x00007ff8e984f000 	C:\WINDOWS\System32\combase.dll
0x00007ff8ead90000 - 0x00007ff8eae67000 	C:\WINDOWS\System32\OLEAUT32.dll
0x00007ff8cb280000 - 0x00007ff8cb2b2000 	C:\WINDOWS\SYSTEM32\dbgcore.DLL
0x00007ff8e8600000 - 0x00007ff8e867b000 	C:\WINDOWS\System32\bcryptPrimitives.dll
0x00007ff8caed0000 - 0x00007ff8caeee000 	C:\Users\User\.jdks\openjdk-23.0.1\bin\java.dll
0x00007ff8eabe0000 - 0x00007ff8ead85000 	C:\WINDOWS\System32\ole32.dll
0x00007ff8e9de0000 - 0x00007ff8ea656000 	C:\WINDOWS\System32\SHELL32.dll

dbghelp: loaded successfully - version: 4.0.5 - missing functions: none
symbol engine: initialized successfully - sym options: 0x614 - pdb path: .;C:\Users\User\.jdks\openjdk-23.0.1\bin;C:\WINDOWS\SYSTEM32;C:\WINDOWS\WinSxS\amd64_microsoft.windows.common-controls_6595b64144ccf1df_6.0.22621.4391_none_2715d37f73803e96;C:\Users\User\.jdks\openjdk-23.0.1\bin\server

VM Arguments:
java_command: C:\Users\User\AppData\Local\Temp\surefire10736769628988718561\surefirebooter-20241228093855817_3.jar C:\Users\User\AppData\Local\Temp\surefire10736769628988718561 2024-12-28T09-38-55_455-jvmRun1 surefire-20241228093855817_1tmp surefire_0-20241228093855817_2tmp
java_class_path (initial): C:\Users\User\AppData\Local\Temp\surefire10736769628988718561\surefirebooter-20241228093855817_3.jar
Launcher Type: SUN_STANDARD

[Global flags]
     intx CICompilerCount                          = 4                                         {product} {ergonomic}
     uint ConcGCThreads                            = 2                                         {product} {ergonomic}
     uint G1ConcRefinementThreads                  = 8                                         {product} {ergonomic}
   size_t G1HeapRegionSize                         = 1048576                                   {product} {ergonomic}
   size_t InitialHeapSize                          = 132120576                                 {product} {ergonomic}
   size_t MarkStackSize                            = 4194304                                   {product} {ergonomic}
   size_t MarkStackSizeMax                         = 536870912                                 {product} {ergonomic}
   size_t MaxHeapSize                              = 2097152000                                {product} {ergonomic}
   size_t MinHeapDeltaBytes                        = 1048576                                   {product} {ergonomic}
   size_t MinHeapSize                              = 8388608                                   {product} {ergonomic}
    uintx NonNMethodCodeHeapSize                   = 5832704                                {pd product} {ergonomic}
    uintx NonProfiledCodeHeapSize                  = 122945536                              {pd product} {ergonomic}
    uintx ProfiledCodeHeapSize                     = 122880000                              {pd product} {ergonomic}
    uintx ReservedCodeCacheSize                    = 251658240                              {pd product} {ergonomic}
     bool SegmentedCodeCache                       = true                                      {product} {ergonomic}
   size_t SoftMaxHeapSize                          = 2097152000                             {manageable} {ergonomic}
     bool UseCompressedOops                        = true                           {product lp64_product} {ergonomic}
     bool UseG1GC                                  = true                                      {product} {ergonomic}
     bool UseLargePagesIndividualAllocation        = false                                  {pd product} {ergonomic}

Logging:
Log output configuration:
 #0: stdout all=warning uptime,level,tags foldmultilines=false
 #1: stderr all=off uptime,level,tags foldmultilines=false

Environment Variables:
PATH=C:\Program Files\Common Files\Oracle\Java\javapath;C:\WINDOWS\system32;C:\WINDOWS;C:\WINDOWS\System32\Wbem;C:\WINDOWS\System32\WindowsPowerShell\v1.0\;C:\WINDOWS\System32\OpenSSH\;C:\Program Files\Microsoft SQL Server\150\Tools\Binn\;C:\Program Files\Microsoft SQL Server\Client SDK\ODBC\170\Tools\Binn\;C:\Program Files\dotnet\;C:\xampp\php;C:\Program Files\Azure Data Studio\bin;C:\Program Files (x86)\Microsoft SQL Server\160\Tools\Binn\;C:\Program Files\Microsoft SQL Server\160\Tools\Binn\;C:\Program Files\Microsoft SQL Server\160\DTS\Binn\;C:\Program Files (x86)\Microsoft SQL Server\160\DTS\Binn\;C:\Program Files\Git\cmd;C:\Program Files\nodejs;C:\Program Files\Java\jdk-21\bin;C:\Intelij\bin;D:\Node js\;C:\Program Files\nodejs\;C:\Program Files\Git LFS;C:\Program Files\Docker\Docker\resources\bin;C:\Program Files\MySQL\MySQL Server 8.0\bin;C:\Program Files\MySQL\MySQL Shell 8.0\bin\;C:\Users\User\AppData\Local\Programs\Python\Python312\Scripts\;C:\Users\User\AppData\Local\Programs\Python\Python312\;C:\Users\User\AppData\Local\Programs\Python\Python311\Scripts\;C:\Users\User\AppData\Local\Programs\Python\Python311\;C:\Users\User\AppData\Local\Microsoft\WindowsApps;C:\Users\User\.dotnet\tools;C:\Program Files\Azure Data Studio\bin;C:\Users\User\AppData\Local\Programs\Microsoft VS Code\bin;C:\Users\User\AppData\Roaming\Microsoft\Windows\Start Menu\Programs\Python 3.11;C:\Flutter\flutter\bin;E:\Intelij\IntelliJ IDEA 2024.1\bin;;C:\Users\User\AppData\Local\GitHubDesktop\bin;C:\Users\User\AppData\Roaming\npm;C:\Users\User\AppData\Local\Android\Sdk;;C:\Program Files\JetBrains\IntelliJ IDEA Community Edition 2024.1.1\bin;
USERNAME=User
OS=Windows_NT
PROCESSOR_IDENTIFIER=Intel64 Family 6 Model 126 Stepping 5, GenuineIntel
TMP=C:\Users\User\AppData\Local\Temp
TEMP=C:\Users\User\AppData\Local\Temp




Periodic native trim disabled

---------------  S Y S T E M  ---------------

OS:
 Windows 11 , 64 bit Build 22621 (10.0.22621.4391)
OS uptime: 14 days 8:10 hours
Hyper-V role detected

CPU: total 8 (initial active 8) (4 cores per cpu, 2 threads per core) family 6 model 126 stepping 5 microcode 0xa6, cx8, cmov, fxsr, ht, mmx, 3dnowpref, sse, sse2, sse3, ssse3, sse4.1, sse4.2, popcnt, lzcnt, tsc, tscinvbit, avx, avx2, aes, erms, clmul, bmi1, bmi2, adx, avx512f, avx512dq, avx512cd, avx512bw, avx512vl, sha, fma, vzeroupper, avx512_vpopcntdq, avx512_vpclmulqdq, avx512_vaes, avx512_vnni, clflush, clflushopt, avx512_vbmi2, avx512_vbmi, hv, rdtscp, rdpid, fsrm, gfni, avx512_bitalg, f16c, avx512_ifma
Processor Information for the first 8 processors :
  Max Mhz: 1498, Current Mhz: 1298, Mhz Limit: 1288

Memory: 4k page, system-wide physical 7997M (273M free)
TotalPageFile size 20802M (AvailPageFile size 3M)
current process WorkingSet (physical memory assigned to process): 12M, peak: 12M
current process commit charge ("private bytes"): 187M, peak: 188M

vm_info: OpenJDK 64-Bit Server VM (23.0.1+11-39) for windows-amd64 JRE (23.0.1+11-39), built on 2024-09-30T07:20:43Z with MS VC++ 17.6 (VS2022)

END.
